2025-01-31T15:32:38.999-06:00  INFO 71320 --- [main] o.progress.semaphore.SemaphoreServices   : Starting SemaphoreServices using Java 17.0.2 with PID 71320 (C:\Tech\eclipse\SemaphoreServices\target\classes started by bgeorge in C:\Tech\eclipse\SemaphoreServices)
2025-01-31T15:32:39.004-06:00  INFO 71320 --- [main] o.progress.semaphore.SemaphoreServices   : No active profile set, falling back to 1 default profile: "default"
2025-01-31T15:32:40.414-06:00  INFO 71320 --- [main] o.s.b.w.embedded.tomcat.TomcatWebServer  : Tomcat initialized with port 8080 (http)
2025-01-31T15:32:40.432-06:00  INFO 71320 --- [main] o.apache.catalina.core.StandardService   : Starting service [Tomcat]
2025-01-31T15:32:40.433-06:00  INFO 71320 --- [main] o.apache.catalina.core.StandardEngine    : Starting Servlet engine: [Apache Tomcat/10.1.34]
2025-01-31T15:32:40.531-06:00  INFO 71320 --- [main] o.a.c.c.C.[Tomcat].[localhost].[/]       : Initializing Spring embedded WebApplicationContext
2025-01-31T15:32:40.532-06:00  INFO 71320 --- [main] w.s.c.ServletWebServerApplicationContext : Root WebApplicationContext: initialization completed in 1461 ms
2025-01-31T15:32:41.097-06:00  INFO 71320 --- [main] o.s.b.w.embedded.tomcat.TomcatWebServer  : Tomcat started on port 8080 (http) with context path '/'
2025-01-31T15:32:41.108-06:00  INFO 71320 --- [main] o.progress.semaphore.SemaphoreServices   : Started SemaphoreServices in 2.85 seconds (process running for 3.575)
2025-01-31T15:32:56.858-06:00  INFO 71320 --- [http-nio-8080-exec-2] o.a.c.c.C.[Tomcat].[localhost].[/]       : Initializing Spring DispatcherServlet 'dispatcherServlet'
2025-01-31T15:32:56.859-06:00  INFO 71320 --- [http-nio-8080-exec-2] o.s.web.servlet.DispatcherServlet        : Initializing Servlet 'dispatcherServlet'
2025-01-31T15:32:56.861-06:00  INFO 71320 --- [http-nio-8080-exec-2] o.s.web.servlet.DispatcherServlet        : Completed initialization in 1 ms
2025-01-31T15:32:57.509-06:00  INFO 71320 --- [http-nio-8080-exec-2] com.smartlogic.cloud.TokenFetcher        : getAccessToken: 'https://demo.data.progress.cloud/token'
2025-01-31T15:32:58.346-06:00  INFO 71320 --- [http-nio-8080-exec-2] com.smartlogic.cloud.TokenFetcher        : Status: 200
2025-01-31T15:32:58.654-06:00  WARN 71320 --- [http-nio-8080-exec-2] o.g.j.message.internal.MessagingBinders  : A class jakarta.activation.DataSource for a default provider MessageBodyWriter<jakarta.activation.DataSource> was not found. The provider is not available.
2025-01-31T15:34:30.525-06:00  INFO 71320 --- [SpringApplicationShutdownHook] o.s.b.w.e.tomcat.GracefulShutdown        : Commencing graceful shutdown. Waiting for active requests to complete
2025-01-31T15:34:31.721-06:00  INFO 71320 --- [tomcat-shutdown] o.s.b.w.e.tomcat.GracefulShutdown        : Graceful shutdown complete
2025-01-31T15:34:47.155-06:00  INFO 52144 --- [main] o.progress.semaphore.SemaphoreServices   : Starting SemaphoreServices using Java 17.0.2 with PID 52144 (C:\Tech\eclipse\SemaphoreServices\target\classes started by bgeorge in C:\Tech\eclipse\SemaphoreServices)
2025-01-31T15:34:47.165-06:00  INFO 52144 --- [main] o.progress.semaphore.SemaphoreServices   : No active profile set, falling back to 1 default profile: "default"
2025-01-31T15:34:49.138-06:00  INFO 52144 --- [main] o.s.b.w.embedded.tomcat.TomcatWebServer  : Tomcat initialized with port 8080 (http)
2025-01-31T15:34:49.156-06:00  INFO 52144 --- [main] o.apache.catalina.core.StandardService   : Starting service [Tomcat]
2025-01-31T15:34:49.157-06:00  INFO 52144 --- [main] o.apache.catalina.core.StandardEngine    : Starting Servlet engine: [Apache Tomcat/10.1.34]
2025-01-31T15:34:49.250-06:00  INFO 52144 --- [main] o.a.c.c.C.[Tomcat].[localhost].[/]       : Initializing Spring embedded WebApplicationContext
2025-01-31T15:34:49.251-06:00  INFO 52144 --- [main] w.s.c.ServletWebServerApplicationContext : Root WebApplicationContext: initialization completed in 1939 ms
2025-01-31T15:34:49.823-06:00  INFO 52144 --- [main] o.s.b.w.embedded.tomcat.TomcatWebServer  : Tomcat started on port 8080 (http) with context path '/'
2025-01-31T15:34:49.834-06:00  INFO 52144 --- [main] o.progress.semaphore.SemaphoreServices   : Started SemaphoreServices in 4.108 seconds (process running for 4.908)
2025-01-31T15:34:51.280-06:00  INFO 52144 --- [http-nio-8080-exec-2] o.a.c.c.C.[Tomcat].[localhost].[/]       : Initializing Spring DispatcherServlet 'dispatcherServlet'
2025-01-31T15:34:51.281-06:00  INFO 52144 --- [http-nio-8080-exec-2] o.s.web.servlet.DispatcherServlet        : Initializing Servlet 'dispatcherServlet'
2025-01-31T15:34:51.282-06:00  INFO 52144 --- [http-nio-8080-exec-2] o.s.web.servlet.DispatcherServlet        : Completed initialization in 1 ms
2025-01-31T15:34:51.979-06:00  INFO 52144 --- [http-nio-8080-exec-2] com.smartlogic.cloud.TokenFetcher        : getAccessToken: 'https://demo.data.progress.cloud/token'
2025-01-31T15:34:52.743-06:00  INFO 52144 --- [http-nio-8080-exec-2] com.smartlogic.cloud.TokenFetcher        : Status: 200
2025-01-31T15:34:53.068-06:00  WARN 52144 --- [http-nio-8080-exec-2] o.g.j.message.internal.MessagingBinders  : A class jakarta.activation.DataSource for a default provider MessageBodyWriter<jakarta.activation.DataSource> was not found. The provider is not available.
2025-01-31T15:34:55.192-06:00  INFO 52144 --- [http-nio-8080-exec-2] o.p.s.services.ConceptReviewService      : Failed to add concept test7
2025-01-31T15:34:56.121-06:00  INFO 52144 --- [http-nio-8080-exec-2] o.p.s.services.ConceptReviewService      : Failed to add concept test2
2025-01-31T19:44:39.968-06:00  INFO 52144 --- [SpringApplicationShutdownHook] o.s.b.w.e.tomcat.GracefulShutdown        : Commencing graceful shutdown. Waiting for active requests to complete
2025-01-31T19:44:41.102-06:00  INFO 52144 --- [tomcat-shutdown] o.s.b.w.e.tomcat.GracefulShutdown        : Graceful shutdown complete
2025-01-31T19:45:14.626-06:00  INFO 75128 --- [main] o.progress.semaphore.SemaphoreServices   : Starting SemaphoreServices using Java 17.0.2 with PID 75128 (C:\Tech\eclipse\SemaphoreServices\target\classes started by bgeorge in C:\Tech\eclipse\SemaphoreServices)
2025-01-31T19:45:14.632-06:00  INFO 75128 --- [main] o.progress.semaphore.SemaphoreServices   : No active profile set, falling back to 1 default profile: "default"
2025-01-31T19:45:15.935-06:00  INFO 75128 --- [main] o.s.b.w.embedded.tomcat.TomcatWebServer  : Tomcat initialized with port 8080 (http)
2025-01-31T19:45:15.954-06:00  INFO 75128 --- [main] o.apache.catalina.core.StandardService   : Starting service [Tomcat]
2025-01-31T19:45:15.954-06:00  INFO 75128 --- [main] o.apache.catalina.core.StandardEngine    : Starting Servlet engine: [Apache Tomcat/10.1.34]
2025-01-31T19:45:16.053-06:00  INFO 75128 --- [main] o.a.c.c.C.[Tomcat].[localhost].[/]       : Initializing Spring embedded WebApplicationContext
2025-01-31T19:45:16.054-06:00  INFO 75128 --- [main] w.s.c.ServletWebServerApplicationContext : Root WebApplicationContext: initialization completed in 1341 ms
2025-01-31T19:45:16.559-06:00  INFO 75128 --- [main] o.s.b.w.embedded.tomcat.TomcatWebServer  : Tomcat started on port 8080 (http) with context path '/'
2025-01-31T19:45:16.568-06:00  INFO 75128 --- [main] o.progress.semaphore.SemaphoreServices   : Started SemaphoreServices in 2.705 seconds (process running for 3.252)
2025-01-31T19:47:08.322-06:00  INFO 75128 --- [http-nio-8080-exec-3] o.a.c.c.C.[Tomcat].[localhost].[/]       : Initializing Spring DispatcherServlet 'dispatcherServlet'
2025-01-31T19:47:08.322-06:00  INFO 75128 --- [http-nio-8080-exec-3] o.s.web.servlet.DispatcherServlet        : Initializing Servlet 'dispatcherServlet'
2025-01-31T19:47:08.323-06:00  INFO 75128 --- [http-nio-8080-exec-3] o.s.web.servlet.DispatcherServlet        : Completed initialization in 0 ms
2025-01-31T19:47:09.190-06:00  INFO 75128 --- [http-nio-8080-exec-3] com.smartlogic.cloud.TokenFetcher        : getAccessToken: 'https://demo.data.progress.cloud/token'
2025-01-31T19:47:10.116-06:00  INFO 75128 --- [http-nio-8080-exec-3] com.smartlogic.cloud.TokenFetcher        : Status: 200
2025-01-31T19:47:10.496-06:00  WARN 75128 --- [http-nio-8080-exec-3] o.g.j.message.internal.MessagingBinders  : A class jakarta.activation.DataSource for a default provider MessageBodyWriter<jakarta.activation.DataSource> was not found. The provider is not available.
2025-01-31T19:47:12.668-06:00  INFO 75128 --- [http-nio-8080-exec-3] o.p.s.services.ConceptReviewService      : Failed to add concept test7
2025-01-31T19:47:13.556-06:00  INFO 75128 --- [http-nio-8080-exec-3] o.p.s.services.ConceptReviewService      : Failed to add concept test2
2025-01-31T19:47:20.976-06:00  INFO 75128 --- [SpringApplicationShutdownHook] o.s.b.w.e.tomcat.GracefulShutdown        : Commencing graceful shutdown. Waiting for active requests to complete
2025-01-31T19:47:22.525-06:00  INFO 75128 --- [tomcat-shutdown] o.s.b.w.e.tomcat.GracefulShutdown        : Graceful shutdown complete
2025-01-31T19:47:33.138-06:00  INFO 70324 --- [main] o.progress.semaphore.SemaphoreServices   : Starting SemaphoreServices using Java 17.0.2 with PID 70324 (C:\Tech\eclipse\SemaphoreServices\target\classes started by bgeorge in C:\Tech\eclipse\SemaphoreServices)
2025-01-31T19:47:33.141-06:00  INFO 70324 --- [main] o.progress.semaphore.SemaphoreServices   : No active profile set, falling back to 1 default profile: "default"
2025-01-31T19:47:34.310-06:00  INFO 70324 --- [main] o.s.b.w.embedded.tomcat.TomcatWebServer  : Tomcat initialized with port 8080 (http)
2025-01-31T19:47:34.326-06:00  INFO 70324 --- [main] o.apache.catalina.core.StandardService   : Starting service [Tomcat]
2025-01-31T19:47:34.326-06:00  INFO 70324 --- [main] o.apache.catalina.core.StandardEngine    : Starting Servlet engine: [Apache Tomcat/10.1.34]
2025-01-31T19:47:34.412-06:00  INFO 70324 --- [main] o.a.c.c.C.[Tomcat].[localhost].[/]       : Initializing Spring embedded WebApplicationContext
2025-01-31T19:47:34.413-06:00  INFO 70324 --- [main] w.s.c.ServletWebServerApplicationContext : Root WebApplicationContext: initialization completed in 1203 ms
2025-01-31T19:47:34.882-06:00  INFO 70324 --- [main] o.s.b.w.embedded.tomcat.TomcatWebServer  : Tomcat started on port 8080 (http) with context path '/'
2025-01-31T19:47:34.890-06:00  INFO 70324 --- [main] o.progress.semaphore.SemaphoreServices   : Started SemaphoreServices in 2.434 seconds (process running for 2.934)
2025-01-31T19:47:38.631-06:00  INFO 70324 --- [http-nio-8080-exec-3] o.a.c.c.C.[Tomcat].[localhost].[/]       : Initializing Spring DispatcherServlet 'dispatcherServlet'
2025-01-31T19:47:38.632-06:00  INFO 70324 --- [http-nio-8080-exec-3] o.s.web.servlet.DispatcherServlet        : Initializing Servlet 'dispatcherServlet'
2025-01-31T19:47:38.633-06:00  INFO 70324 --- [http-nio-8080-exec-3] o.s.web.servlet.DispatcherServlet        : Completed initialization in 1 ms
2025-01-31T19:47:39.279-06:00  INFO 70324 --- [http-nio-8080-exec-3] com.smartlogic.cloud.TokenFetcher        : getAccessToken: 'https://demo.data.progress.cloud/token'
2025-01-31T19:47:40.086-06:00  INFO 70324 --- [http-nio-8080-exec-3] com.smartlogic.cloud.TokenFetcher        : Status: 200
2025-01-31T19:47:40.359-06:00  WARN 70324 --- [http-nio-8080-exec-3] o.g.j.message.internal.MessagingBinders  : A class jakarta.activation.DataSource for a default provider MessageBodyWriter<jakarta.activation.DataSource> was not found. The provider is not available.
2025-01-31T19:47:42.523-06:00  INFO 70324 --- [http-nio-8080-exec-3] o.p.s.services.ConceptReviewService      : Failed to add concept test7
2025-01-31T19:47:43.449-06:00  INFO 70324 --- [http-nio-8080-exec-3] o.p.s.services.ConceptReviewService      : Failed to add concept test2
2025-01-31T19:47:49.674-06:00  INFO 70324 --- [http-nio-8080-exec-2] com.smartlogic.cloud.TokenFetcher        : getAccessToken: 'https://demo.data.progress.cloud/token'
2025-01-31T19:47:49.992-06:00  INFO 70324 --- [http-nio-8080-exec-2] com.smartlogic.cloud.TokenFetcher        : Status: 200
2025-01-31T19:47:51.780-06:00  INFO 70324 --- [http-nio-8080-exec-2] o.p.s.services.ConceptReviewService      : Failed to add concept test7
2025-01-31T19:49:56.180-06:00  INFO 70324 --- [SpringApplicationShutdownHook] o.s.b.w.e.tomcat.GracefulShutdown        : Commencing graceful shutdown. Waiting for active requests to complete
2025-01-31T19:49:57.249-06:00  INFO 70324 --- [tomcat-shutdown] o.s.b.w.e.tomcat.GracefulShutdown        : Graceful shutdown complete
2025-01-31T20:23:00.149-06:00  INFO 86184 --- [main] o.progress.semaphore.SemaphoreServices   : Starting SemaphoreServices using Java 17.0.2 with PID 86184 (C:\Tech\eclipse\SemaphoreServices\target\classes started by bgeorge in C:\Tech\eclipse\SemaphoreServices)
2025-01-31T20:23:00.155-06:00  INFO 86184 --- [main] o.progress.semaphore.SemaphoreServices   : No active profile set, falling back to 1 default profile: "default"
2025-01-31T20:23:01.497-06:00  INFO 86184 --- [main] o.s.b.w.embedded.tomcat.TomcatWebServer  : Tomcat initialized with port 9090 (http)
2025-01-31T20:23:01.513-06:00  INFO 86184 --- [main] o.apache.catalina.core.StandardService   : Starting service [Tomcat]
2025-01-31T20:23:01.513-06:00  INFO 86184 --- [main] o.apache.catalina.core.StandardEngine    : Starting Servlet engine: [Apache Tomcat/10.1.34]
2025-01-31T20:23:01.602-06:00  INFO 86184 --- [main] o.a.c.c.C.[Tomcat].[localhost].[/]       : Initializing Spring embedded WebApplicationContext
2025-01-31T20:23:01.603-06:00  INFO 86184 --- [main] w.s.c.ServletWebServerApplicationContext : Root WebApplicationContext: initialization completed in 1373 ms
2025-01-31T20:23:02.124-06:00  INFO 86184 --- [main] o.s.b.w.embedded.tomcat.TomcatWebServer  : Tomcat started on port 9090 (http) with context path '/'
2025-01-31T20:23:02.136-06:00  INFO 86184 --- [main] o.progress.semaphore.SemaphoreServices   : Started SemaphoreServices in 2.737 seconds (process running for 3.304)
2025-01-31T20:33:18.291-06:00  INFO 86184 --- [http-nio-9090-exec-1] o.a.c.c.C.[Tomcat].[localhost].[/]       : Initializing Spring DispatcherServlet 'dispatcherServlet'
2025-01-31T20:33:18.291-06:00  INFO 86184 --- [http-nio-9090-exec-1] o.s.web.servlet.DispatcherServlet        : Initializing Servlet 'dispatcherServlet'
2025-01-31T20:33:18.294-06:00  INFO 86184 --- [http-nio-9090-exec-1] o.s.web.servlet.DispatcherServlet        : Completed initialization in 3 ms
2025-01-31T20:33:19.080-06:00  INFO 86184 --- [http-nio-9090-exec-1] com.smartlogic.cloud.TokenFetcher        : getAccessToken: 'https://demo.data.progress.cloud/token'
2025-01-31T20:33:20.002-06:00  INFO 86184 --- [http-nio-9090-exec-1] com.smartlogic.cloud.TokenFetcher        : Status: 200
2025-01-31T20:33:20.368-06:00  WARN 86184 --- [http-nio-9090-exec-1] o.g.j.message.internal.MessagingBinders  : A class jakarta.activation.DataSource for a default provider MessageBodyWriter<jakarta.activation.DataSource> was not found. The provider is not available.
2025-01-31T20:38:40.654-06:00  INFO 86184 --- [http-nio-9090-exec-3] com.smartlogic.cloud.TokenFetcher        : getAccessToken: 'https://demo.data.progress.cloud/token'
2025-01-31T20:38:41.100-06:00  INFO 86184 --- [http-nio-9090-exec-3] com.smartlogic.cloud.TokenFetcher        : Status: 200
2025-01-31T20:38:45.130-06:00  INFO 86184 --- [http-nio-9090-exec-3] o.p.s.services.ConceptReviewService      : Failed to add concept boats
2025-01-31T20:38:47.746-06:00  INFO 86184 --- [http-nio-9090-exec-4] com.smartlogic.cloud.TokenFetcher        : getAccessToken: 'https://demo.data.progress.cloud/token'
2025-01-31T20:38:48.024-06:00  INFO 86184 --- [http-nio-9090-exec-4] com.smartlogic.cloud.TokenFetcher        : Status: 200
2025-01-31T20:38:49.911-06:00  INFO 86184 --- [http-nio-9090-exec-4] o.p.s.services.ConceptReviewService      : Failed to add concept Propane
2025-01-31T20:38:50.865-06:00  INFO 86184 --- [http-nio-9090-exec-4] o.p.s.services.ConceptReviewService      : Failed to add concept boats
2025-01-31T20:39:46.407-06:00  INFO 86184 --- [http-nio-9090-exec-5] com.smartlogic.cloud.TokenFetcher        : getAccessToken: 'https://demo.data.progress.cloud/token'
2025-01-31T20:39:46.714-06:00  INFO 86184 --- [http-nio-9090-exec-5] com.smartlogic.cloud.TokenFetcher        : Status: 200
2025-01-31T20:39:48.573-06:00  INFO 86184 --- [http-nio-9090-exec-5] o.p.s.services.ConceptReviewService      : Failed to add concept Propane
2025-01-31T20:39:50.903-06:00  INFO 86184 --- [http-nio-9090-exec-5] o.p.s.services.ConceptReviewService      : Failed to add concept boats
2025-01-31T20:39:53.328-06:00  INFO 86184 --- [http-nio-9090-exec-6] com.smartlogic.cloud.TokenFetcher        : getAccessToken: 'https://demo.data.progress.cloud/token'
2025-01-31T20:39:53.612-06:00  INFO 86184 --- [http-nio-9090-exec-6] com.smartlogic.cloud.TokenFetcher        : Status: 200
2025-01-31T20:39:55.453-06:00  INFO 86184 --- [http-nio-9090-exec-6] o.p.s.services.ConceptReviewService      : Failed to add concept Propane
2025-01-31T20:39:56.393-06:00  INFO 86184 --- [http-nio-9090-exec-6] o.p.s.services.ConceptReviewService      : Failed to add concept boats
2025-01-31T20:42:17.623-06:00  INFO 86184 --- [http-nio-9090-exec-8] com.smartlogic.cloud.TokenFetcher        : getAccessToken: 'https://demo.data.progress.cloud/token'
2025-01-31T20:42:17.932-06:00  INFO 86184 --- [http-nio-9090-exec-8] com.smartlogic.cloud.TokenFetcher        : Status: 200
2025-01-31T20:42:21.153-06:00  INFO 86184 --- [http-nio-9090-exec-8] o.p.s.services.ConceptReviewService      : Failed to add concept used
2025-01-31T20:42:24.429-06:00  INFO 86184 --- [http-nio-9090-exec-9] com.smartlogic.cloud.TokenFetcher        : getAccessToken: 'https://demo.data.progress.cloud/token'
2025-01-31T20:42:24.709-06:00  INFO 86184 --- [http-nio-9090-exec-9] com.smartlogic.cloud.TokenFetcher        : Status: 200
2025-01-31T20:42:26.646-06:00  INFO 86184 --- [http-nio-9090-exec-9] o.p.s.services.ConceptReviewService      : Failed to add concept Manufacturing
