2025-02-05T16:41:49.933-06:00  INFO 34884 --- [main] o.progress.semaphore.SemaphoreServices   : Starting SemaphoreServices using Java 17.0.2 with PID 34884 (C:\Tech\eclipse\SemaphoreServices\target\classes started by bgeorge in C:\Tech\eclipse\SemaphoreServices)
2025-02-05T16:41:49.959-06:00  INFO 34884 --- [main] o.progress.semaphore.SemaphoreServices   : No active profile set, falling back to 1 default profile: "default"
2025-02-05T16:41:51.830-06:00  INFO 34884 --- [main] o.s.b.w.embedded.tomcat.TomcatWebServer  : Tomcat initialized with port 9090 (http)
2025-02-05T16:41:51.851-06:00  INFO 34884 --- [main] o.apache.catalina.core.StandardService   : Starting service [Tomcat]
2025-02-05T16:41:51.852-06:00  INFO 34884 --- [main] o.apache.catalina.core.StandardEngine    : Starting Servlet engine: [Apache Tomcat/10.1.34]
2025-02-05T16:41:51.946-06:00  INFO 34884 --- [main] o.a.c.c.C.[Tomcat].[localhost].[/]       : Initializing Spring embedded WebApplicationContext
2025-02-05T16:41:51.947-06:00  INFO 34884 --- [main] w.s.c.ServletWebServerApplicationContext : Root WebApplicationContext: initialization completed in 1828 ms
2025-02-05T16:41:52.496-06:00  INFO 34884 --- [main] o.s.b.w.embedded.tomcat.TomcatWebServer  : Tomcat started on port 9090 (http) with context path '/'
2025-02-05T16:41:52.505-06:00  INFO 34884 --- [main] o.progress.semaphore.SemaphoreServices   : Started SemaphoreServices in 3.825 seconds (process running for 5.197)
2025-02-05T16:42:17.793-06:00  INFO 34884 --- [http-nio-9090-exec-1] o.a.c.c.C.[Tomcat].[localhost].[/]       : Initializing Spring DispatcherServlet 'dispatcherServlet'
2025-02-05T16:42:17.794-06:00  INFO 34884 --- [http-nio-9090-exec-1] o.s.web.servlet.DispatcherServlet        : Initializing Servlet 'dispatcherServlet'
2025-02-05T16:42:17.796-06:00  INFO 34884 --- [http-nio-9090-exec-1] o.s.web.servlet.DispatcherServlet        : Completed initialization in 2 ms
2025-02-05T16:42:18.908-06:00  INFO 34884 --- [http-nio-9090-exec-1] com.smartlogic.cloud.TokenFetcher        : getAccessToken: 'https://demo.data.progress.cloud/token'
2025-02-05T16:42:19.776-06:00  INFO 34884 --- [http-nio-9090-exec-1] com.smartlogic.cloud.TokenFetcher        : Status: 200
2025-02-05T16:42:19.810-06:00  INFO 34884 --- [http-nio-9090-exec-1] c.s.ontologyeditor.OEClientReadWrite     : getConceptSchemeByNameResponse entry: Concept Review - Newly Added
2025-02-05T16:42:19.813-06:00  INFO 34884 --- [http-nio-9090-exec-1] c.s.ontologyeditor.OEClientReadWrite     : getConceptSchemeByNameResponse url: https://demo.data.progress.cloud/studio/livestudio/kmm/api/task:ProgressChatBot:KRTTask/skos:ConceptScheme/meta:transitiveInstance
2025-02-05T16:42:19.814-06:00  INFO 34884 --- [http-nio-9090-exec-1] c.s.ontologyeditor.OEClientReadWrite     : getConceptSchemeByNameResponse queryParameters: {language=en, filters=subject(rdfs:label matches "Concept Review - Newly Added"@en), properties=rdfs:label,sem:guid}
2025-02-05T16:42:20.286-06:00  WARN 34884 --- [http-nio-9090-exec-1] o.g.j.message.internal.MessagingBinders  : A class jakarta.activation.DataSource for a default provider MessageBodyWriter<jakarta.activation.DataSource> was not found. The provider is not available.
2025-02-05T16:42:20.521-06:00  INFO 34884 --- [http-nio-9090-exec-1] c.s.ontologyeditor.OEClientReadWrite     : getConceptSchemeByNameResponse making call  : 1738795340521
2025-02-05T16:42:21.591-06:00  INFO 34884 --- [http-nio-9090-exec-1] c.s.ontologyeditor.OEClientReadWrite     : getConceptSchemeByNameResponse: jsonResponse {
  "@graph": [
    {
      "@id": "http://example.com/ProgressChatBot#ConceptScheme/ConceptReview-NewlyAdded0",
      "sem:guid": [
        {
          "@value": "9fb8a1ea-0016-4627-9425-9cea18f825c6"
        }
      ],
      "rdfs:label": [
        {
          "@language": "en",
          "@value": "Concept Review - Newly Added"
        }
      ]
    }
  ],
  "@context": {
    "@language": "",
    "meta": "http://www.smartlogic.com/2014/10/semaphore-meta#",
    "meta:transitiveType": {
      "@type": "@id"
    },
    "skos": "http://www.w3.org/2004/02/skos/core#",
    "semcommands": "http://www.smartlogic.com/2019/04/semaphore-commands#",
    "semshreports": "http://www.smartlogic.com/2018/10/semaphore-shacl-reports#",
    "semshfun": "http://www.smartlogic.com/2018/03/semaphore-shacl-functions#",
    "spif": "http://spinrdf.org/spif#",
    "tables": "http://topbraid.org/tables#",
    "semvar": "http://www.smartlogic.com/2015/10/semaphore-var#",
    "sysmodel": "urn:x-sys-model:",
    "semreports": "http://www.smartlogic.com/2017/06/semaphore-reports#",
    "dcterms": "http://purl.org/dc/terms/",
    "model": "urn:x-evn-master:",
    "owl": "http://www.w3.org/2002/07/owl#",
    "sys:Model": "owl:Ontology",
    "sempubfun": "http://www.smartlogic.com/2019/08/semaphore-publisher-functions#",
    "tempgraph": "urn:x-temp-graph:",
    "specialgraph": "urn:x-special-graph:",
    "recservice": "http://www.smartlogic.com/2021/05/reconciliation-services#",
    "semlang": "http://www.smartlogic.com/2015/03/semaphore-languages#",
    "semordrules": "http://www.smartlogic.com/2018/03/semaphore-ordering-rules#",
    "sempubconf": "http://www.smartlogic.com/2019/04/semaphore-publisher-configuration#",
    "semwidgets": "http://www.smartlogic.com/2016/02/semaphore-widgets#",
    "taxonomies": "http://evn.topbraidlive.org/evnprojects#",
    "semgroups": "http://www.smartlogic.com/2018/04/semaphore-groups#",
    "sempub": "http://www.smartlogic.com/2017/06/semaphore-publisher#",
    "role": "urn:x-tb-role:",
    "semalerting": "http://www.smartlogic.com/2023/06/semaphore-alerting#",
    "sempubpermissions": "http://www.smartlogic.com/2019/03/semaphore-publisher-permissions#",
    "rdfs": "http://www.w3.org/2000/01/rdf-schema#",
    "tchmodel": "urn:x-evn-tch-union:",
    "smf": "http://topbraid.org/sparqlmotionfunctions#",
    "example": "http://proto.smartlogic.com/example#",
    "semtemplates": "http://www.smartlogic.com/2016/04/semaphore-templates#",
    "sh": "http://www.w3.org/ns/shacl#",
    "semmonitoring": "http://www.smartlogic.com/2019/02/semaphore-monitoring#",
    "arg": "http://spinrdf.org/arg#",
    "semord": "http://www.smartlogic.com/2018/03/semaphore-ordering#",
    "sem": "http://www.smartlogic.com/2014/08/semaphore-core#",
    "spinmap": "http://spinrdf.org/spinmap#",
    "sp": "http://spinrdf.org/sp#",
    "semordfun": "http://www.smartlogic.com/2018/03/semaphore-ordering-functions#",
    "skosxl": "http://www.w3.org/2008/05/skos-xl#",
    "semsys": "http://www.smartlogic.com/2019/09/semaphore-system#",
    "semsh": "http://www.smartlogic.com/2019/06/semaphore-shacl#",
    "teamwork": "http://topbraid.org/teamwork#",
    "rdf": "http://www.w3.org/1999/02/22-rdf-syntax-ns#",
    "spin": "http://spinrdf.org/spin#",
    "semupgrade": "http://www.smartlogic.com/2019/03/semaphore-upgrade#",
    "semspinmap": "http://www.smartlogic.com/2016/04/semaphore-spinMap#",
    "swa": "http://topbraid.org/swa#",
    "semspinx": "http://www.smartlogic.com/2015/11/semaphore-spin#",
    "dc": "http://purl.org/dc/elements/1.1/",
    "graph:teamwork": "http://topbraid.org/teamwork",
    "semspinadapter": "http://www.smartlogic.com/2019/08/semaphore-spin-adapter#",
    "graph:users": "http://server.topbraidlive.org/dynamic/users",
    "teamworkrulesx": "http://www.smartlogic.com/2016/05/semaphore-teamworkrulesx#",
    "ui": "http://uispin.org/ui#",
    "semutils": "http://www.smartlogic.com/2015/09/semaphore-utils#",
    "evntask": "urn:x-evn-tag:",
    "tag": "urn:x-tags:",
    "foaf": "http://xmlns.com/foaf/0.1/",
    "sioc": "http://rdfs.org/sioc/ns#",
    "systask": "urn:x-sys-task:",
    "semstatmetafun": "http://www.smartlogic.com/2024/02/semaphore-statements-metadata-functions#",
    "semui": "http://www.smartlogic.com/2017/12/semaphore-ui#",
    "list": "http://jena.hpl.hp.com/ARQ/list#",
    "graph:recservices": "http://www.smartlogic.com/2021/05/reconciliation-services",
    "semplugin": "http://www.smartlogic.com/2018/06/semaphore-plugins#",
    "spl": "http://spinrdf.org/spl#",
    "task": "urn:x-ort-tag:",
    "semfun": "http://www.smartlogic.com/2015/02/semaphore-functions#",
    "sys:Task": "teamwork:Tag",
    "sempermissions": "http://www.smartlogic.com/2015/11/semaphore-permissions#",
    "semgroupsfun": "http://www.smartlogic.com/2018/04/semaphore-groups-functions#",
    "fn": "http://www.w3.org/2005/xpath-functions#",
    "xsd": "http://www.w3.org/2001/XMLSchema#",
    "semvirtfun": "http://www.smartlogic.com/2019/01/semaphore-virtualgraph-functions#",
    "sys": "http://www.smartlogic.com/2014/10/semaphore-sys#",
    "systaskext": "urn:x-sys-task-with-master:",
    "semspincache": "http://www.smartlogic.com/2018/06/semaphore-spin-cache#",
    "evnimport": "urn:x-tb:evnimport#",
    "semstatmeta": "http://www.smartlogic.com/2023/03/semaphore-statements-metadata#",
    "lang": "http://id.loc.gov/vocabulary/iso639-1/",
    "semspin": "http://www.smartlogic.com/2015/02/semaphore-spin-functions#",
    "temp": "urn:x-temp:",
    "graph:sempermissions": "http://www.smartlogic.com/2015/11/semaphore-permissions",
    "semalertingfun": "http://www.smartlogic.com/2023/11/semaphore-alerting-spin-functions-tch#",
    "afn": "http://jena.apache.org/ARQ/function#",
    "semupdates": "http://www.smartlogic.com/2019/04/semaphore-updates#",
    "semlisteners": "http://www.smartlogic.com/2016/10/semaphore-listeners#",
    "semvirt": "http://www.smartlogic.com/2019/01/semaphore-virtualgraph#",
    "sempath": "http://www.smartlogic.com/2016/01/semaphore-path#",
    "user": "urn:x-tb-users:",
    "semworkspace": "http://www.smartlogic.com/2019/01/semaphore-workspace#",
    "semmaprel": "http://www.smartlogic.com/2021/03/semaphore-mapping-relationship#"
  }
}
2025-02-05T16:42:21.620-06:00  INFO 34884 --- [http-nio-9090-exec-1] c.s.ontologyeditor.beans.ConceptScheme   : ConceptScheme - exit: http://example.com/ProgressChatBot#ConceptScheme/ConceptReview-NewlyAdded0
2025-02-05T16:42:21.624-06:00  INFO 34884 --- [http-nio-9090-exec-1] c.s.ontologyeditor.OEClientReadWrite     : createConcept entry: http://example.com/ProgressChatBot#ConceptScheme/ConceptReview-NewlyAdded0 http://example.com/APITest#Concept1BM25
2025-02-05T16:42:21.672-06:00  INFO 34884 --- [http-nio-9090-exec-1] c.s.ontologyeditor.OEClientReadWrite     : createConcept making call  : 1738795341672
2025-02-05T16:42:24.172-06:00  INFO 34884 --- [http-nio-9090-exec-1] c.s.ontologyeditor.OEClientReadWrite     : createConcept call completed successfully: {}
2025-02-05T16:42:24.173-06:00  INFO 34884 --- [http-nio-9090-exec-1] c.s.ontologyeditor.OEClientReadWrite     : createConcept entry: http://example.com/ProgressChatBot#ConceptScheme/ConceptReview-NewlyAdded0 http://example.com/APITest#Concept1algorithm
2025-02-05T16:42:24.197-06:00  INFO 34884 --- [http-nio-9090-exec-1] c.s.ontologyeditor.OEClientReadWrite     : createConcept making call  : 1738795344197
2025-02-05T16:42:25.604-06:00  INFO 34884 --- [http-nio-9090-exec-1] c.s.ontologyeditor.OEClientReadWrite     : createConcept call completed successfully: {}
2025-02-05T16:42:25.604-06:00  INFO 34884 --- [http-nio-9090-exec-1] c.s.ontologyeditor.OEClientReadWrite     : createConcept entry: http://example.com/ProgressChatBot#ConceptScheme/ConceptReview-NewlyAdded0 http://example.com/APITest#Concept1Okapi
2025-02-05T16:42:25.625-06:00  INFO 34884 --- [http-nio-9090-exec-1] c.s.ontologyeditor.OEClientReadWrite     : createConcept making call  : 1738795345625
2025-02-05T16:42:27.194-06:00  INFO 34884 --- [http-nio-9090-exec-1] c.s.ontologyeditor.OEClientReadWrite     : createConcept call completed successfully: {}
2025-02-05T16:42:27.195-06:00  INFO 34884 --- [http-nio-9090-exec-1] c.s.ontologyeditor.OEClientReadWrite     : createConcept entry: http://example.com/ProgressChatBot#ConceptScheme/ConceptReview-NewlyAdded0 http://example.com/APITest#Concept1informationretrieval
2025-02-05T16:42:27.219-06:00  INFO 34884 --- [http-nio-9090-exec-1] c.s.ontologyeditor.OEClientReadWrite     : createConcept making call  : 1738795347219
2025-02-05T16:42:28.632-06:00  INFO 34884 --- [http-nio-9090-exec-1] c.s.ontologyeditor.OEClientReadWrite     : createConcept call completed successfully: {}
2025-02-05T16:42:28.633-06:00  INFO 34884 --- [http-nio-9090-exec-1] c.s.ontologyeditor.OEClientReadWrite     : createConcept entry: http://example.com/ProgressChatBot#ConceptScheme/ConceptReview-NewlyAdded0 http://example.com/APITest#Concept1rankingfunction
2025-02-05T16:42:28.666-06:00  INFO 34884 --- [http-nio-9090-exec-1] c.s.ontologyeditor.OEClientReadWrite     : createConcept making call  : 1738795348666
2025-02-05T16:42:30.050-06:00  INFO 34884 --- [http-nio-9090-exec-1] c.s.ontologyeditor.OEClientReadWrite     : createConcept call completed successfully: {}
2025-02-05T16:42:30.051-06:00  INFO 34884 --- [http-nio-9090-exec-1] c.s.ontologyeditor.OEClientReadWrite     : createConcept entry: http://example.com/ProgressChatBot#ConceptScheme/ConceptReview-NewlyAdded0 http://example.com/APITest#Concept1textsearchengines
2025-02-05T16:42:30.078-06:00  INFO 34884 --- [http-nio-9090-exec-1] c.s.ontologyeditor.OEClientReadWrite     : createConcept making call  : 1738795350078
2025-02-05T16:42:31.513-06:00  INFO 34884 --- [http-nio-9090-exec-1] c.s.ontologyeditor.OEClientReadWrite     : createConcept call completed successfully: {}
2025-02-05T16:42:31.515-06:00  INFO 34884 --- [http-nio-9090-exec-1] c.s.ontologyeditor.OEClientReadWrite     : createConcept entry: http://example.com/ProgressChatBot#ConceptScheme/ConceptReview-NewlyAdded0 http://example.com/APITest#Concept1probabilisticrelevancemodel
2025-02-05T16:42:31.551-06:00  INFO 34884 --- [http-nio-9090-exec-1] c.s.ontologyeditor.OEClientReadWrite     : createConcept making call  : 1738795351551
2025-02-05T16:42:32.923-06:00  INFO 34884 --- [http-nio-9090-exec-1] c.s.ontologyeditor.OEClientReadWrite     : createConcept call completed successfully: {}
2025-02-05T16:42:32.924-06:00  INFO 34884 --- [http-nio-9090-exec-1] c.s.ontologyeditor.OEClientReadWrite     : createConcept entry: http://example.com/ProgressChatBot#ConceptScheme/ConceptReview-NewlyAdded0 http://example.com/APITest#Concept1termfrequency
2025-02-05T16:42:32.961-06:00  INFO 34884 --- [http-nio-9090-exec-1] c.s.ontologyeditor.OEClientReadWrite     : createConcept making call  : 1738795352961
2025-02-05T16:42:34.372-06:00  INFO 34884 --- [http-nio-9090-exec-1] c.s.ontologyeditor.OEClientReadWrite     : createConcept call completed successfully: {}
2025-02-05T16:42:34.373-06:00  INFO 34884 --- [http-nio-9090-exec-1] c.s.ontologyeditor.OEClientReadWrite     : createConcept entry: http://example.com/ProgressChatBot#ConceptScheme/ConceptReview-NewlyAdded0 http://example.com/APITest#Concept1inversedocumentfrequency
2025-02-05T16:42:34.417-06:00  INFO 34884 --- [http-nio-9090-exec-1] c.s.ontologyeditor.OEClientReadWrite     : createConcept making call  : 1738795354417
2025-02-05T16:42:35.831-06:00  INFO 34884 --- [http-nio-9090-exec-1] c.s.ontologyeditor.OEClientReadWrite     : createConcept call completed successfully: {}
2025-02-05T16:42:35.832-06:00  INFO 34884 --- [http-nio-9090-exec-1] c.s.ontologyeditor.OEClientReadWrite     : createConcept entry: http://example.com/ProgressChatBot#ConceptScheme/ConceptReview-NewlyAdded0 http://example.com/APITest#Concept1documentlengthnormalization
2025-02-05T16:42:35.860-06:00  INFO 34884 --- [http-nio-9090-exec-1] c.s.ontologyeditor.OEClientReadWrite     : createConcept making call  : 1738795355860
2025-02-05T16:42:37.736-06:00  INFO 34884 --- [http-nio-9090-exec-1] c.s.ontologyeditor.OEClientReadWrite     : createConcept call completed successfully: {}
2025-02-05T16:42:37.737-06:00  INFO 34884 --- [http-nio-9090-exec-1] c.s.ontologyeditor.OEClientReadWrite     : createConcept entry: http://example.com/ProgressChatBot#ConceptScheme/ConceptReview-NewlyAdded0 http://example.com/APITest#Concept1k1
2025-02-05T16:42:37.763-06:00  INFO 34884 --- [http-nio-9090-exec-1] c.s.ontologyeditor.OEClientReadWrite     : createConcept making call  : 1738795357763
2025-02-05T16:42:40.089-06:00  INFO 34884 --- [http-nio-9090-exec-1] c.s.ontologyeditor.OEClientReadWrite     : createConcept call completed successfully: {}
2025-02-05T16:42:40.090-06:00  INFO 34884 --- [http-nio-9090-exec-1] c.s.ontologyeditor.OEClientReadWrite     : createConcept entry: http://example.com/ProgressChatBot#ConceptScheme/ConceptReview-NewlyAdded0 http://example.com/APITest#Concept1b
2025-02-05T16:42:40.120-06:00  INFO 34884 --- [http-nio-9090-exec-1] c.s.ontologyeditor.OEClientReadWrite     : createConcept making call  : 1738795360120
2025-02-05T16:42:43.084-06:00  INFO 34884 --- [http-nio-9090-exec-1] c.s.ontologyeditor.OEClientReadWrite     : createConcept call completed successfully: {}
2025-02-05T16:42:43.085-06:00  INFO 34884 --- [http-nio-9090-exec-1] c.s.ontologyeditor.OEClientReadWrite     : createConcept entry: http://example.com/ProgressChatBot#ConceptScheme/ConceptReview-NewlyAdded0 http://example.com/APITest#Concept1CityUniversityofLondon
2025-02-05T16:42:43.099-06:00  INFO 34884 --- [http-nio-9090-exec-1] c.s.ontologyeditor.OEClientReadWrite     : createConcept making call  : 1738795363099
2025-02-05T16:42:44.531-06:00  INFO 34884 --- [http-nio-9090-exec-1] c.s.ontologyeditor.OEClientReadWrite     : createConcept call completed successfully: {}
