2025-02-03T12:07:54.530-06:00  INFO 86184 --- [http-nio-9090-exec-5] com.smartlogic.cloud.TokenFetcher        : getAccessToken: 'https://demo.data.progress.cloud/token'
2025-02-03T12:07:55.041-06:00  INFO 86184 --- [http-nio-9090-exec-5] com.smartlogic.cloud.TokenFetcher        : Status: 200
2025-02-03T12:08:58.632-06:00  INFO 86184 --- [http-nio-9090-exec-6] com.smartlogic.cloud.TokenFetcher        : getAccessToken: 'https://demo.data.progress.cloud/token'
2025-02-03T12:08:58.955-06:00  INFO 86184 --- [http-nio-9090-exec-6] com.smartlogic.cloud.TokenFetcher        : Status: 200
2025-02-03T12:09:01.032-06:00  INFO 86184 --- [http-nio-9090-exec-6] o.p.s.services.ConceptReviewService      : Failed to add concept Jim Morris
2025-02-03T12:09:02.036-06:00  INFO 86184 --- [http-nio-9090-exec-6] o.p.s.services.ConceptReviewService      : Failed to add concept Progress
2025-02-03T12:12:23.420-06:00  INFO 86184 --- [SpringApplicationShutdownHook] o.s.b.w.e.tomcat.GracefulShutdown        : Commencing graceful shutdown. Waiting for active requests to complete
2025-02-03T12:12:24.641-06:00  INFO 86184 --- [tomcat-shutdown] o.s.b.w.e.tomcat.GracefulShutdown        : Graceful shutdown complete
2025-02-03T12:13:04.475-06:00  INFO 69920 --- [main] o.progress.semaphore.SemaphoreServices   : Starting SemaphoreServices using Java 17.0.2 with PID 69920 (C:\Tech\eclipse\SemaphoreServices\target\classes started by bgeorge in C:\Tech\eclipse\SemaphoreServices)
2025-02-03T12:13:04.482-06:00  INFO 69920 --- [main] o.progress.semaphore.SemaphoreServices   : No active profile set, falling back to 1 default profile: "default"
2025-02-03T12:13:06.016-06:00  INFO 69920 --- [main] o.s.b.w.embedded.tomcat.TomcatWebServer  : Tomcat initialized with port 9090 (http)
2025-02-03T12:13:06.042-06:00  INFO 69920 --- [main] o.apache.catalina.core.StandardService   : Starting service [Tomcat]
2025-02-03T12:13:06.042-06:00  INFO 69920 --- [main] o.apache.catalina.core.StandardEngine    : Starting Servlet engine: [Apache Tomcat/10.1.34]
2025-02-03T12:13:06.160-06:00  INFO 69920 --- [main] o.a.c.c.C.[Tomcat].[localhost].[/]       : Initializing Spring embedded WebApplicationContext
2025-02-03T12:13:06.161-06:00  INFO 69920 --- [main] w.s.c.ServletWebServerApplicationContext : Root WebApplicationContext: initialization completed in 1597 ms
2025-02-03T12:13:06.855-06:00  INFO 69920 --- [main] o.s.b.w.embedded.tomcat.TomcatWebServer  : Tomcat started on port 9090 (http) with context path '/'
2025-02-03T12:13:06.867-06:00  INFO 69920 --- [main] o.progress.semaphore.SemaphoreServices   : Started SemaphoreServices in 3.199 seconds (process running for 3.777)
2025-02-03T12:13:36.675-06:00  INFO 69920 --- [http-nio-9090-exec-1] o.a.c.c.C.[Tomcat].[localhost].[/]       : Initializing Spring DispatcherServlet 'dispatcherServlet'
2025-02-03T12:13:36.677-06:00  INFO 69920 --- [http-nio-9090-exec-1] o.s.web.servlet.DispatcherServlet        : Initializing Servlet 'dispatcherServlet'
2025-02-03T12:13:36.678-06:00  INFO 69920 --- [http-nio-9090-exec-1] o.s.web.servlet.DispatcherServlet        : Completed initialization in 1 ms
2025-02-03T12:13:37.587-06:00  INFO 69920 --- [http-nio-9090-exec-1] com.smartlogic.cloud.TokenFetcher        : getAccessToken: 'https://demo.data.progress.cloud/token'
2025-02-03T12:13:38.471-06:00  INFO 69920 --- [http-nio-9090-exec-1] com.smartlogic.cloud.TokenFetcher        : Status: 200
2025-02-03T12:13:38.909-06:00  WARN 69920 --- [http-nio-9090-exec-1] o.g.j.message.internal.MessagingBinders  : A class jakarta.activation.DataSource for a default provider MessageBodyWriter<jakarta.activation.DataSource> was not found. The provider is not available.
2025-02-03T12:13:41.239-06:00  INFO 69920 --- [http-nio-9090-exec-1] o.p.s.services.ConceptReviewService      : Failed to add concept Jim Morris
2025-02-03T12:13:42.145-06:00  INFO 69920 --- [http-nio-9090-exec-1] o.p.s.services.ConceptReviewService      : Failed to add concept Progress
2025-02-03T12:16:10.598-06:00  INFO 69920 --- [http-nio-9090-exec-4] com.smartlogic.cloud.TokenFetcher        : getAccessToken: 'https://demo.data.progress.cloud/token'
2025-02-03T12:16:10.922-06:00  INFO 69920 --- [http-nio-9090-exec-4] com.smartlogic.cloud.TokenFetcher        : Status: 200
2025-02-03T12:16:12.823-06:00  INFO 69920 --- [http-nio-9090-exec-4] o.p.s.services.ConceptReviewService      : Failed to add concept test7
2025-02-03T12:16:13.776-06:00  INFO 69920 --- [http-nio-9090-exec-4] o.p.s.services.ConceptReviewService      : Failed to add concept test200
2025-02-03T12:17:28.297-06:00  INFO 69920 --- [SpringApplicationShutdownHook] o.s.b.w.e.tomcat.GracefulShutdown        : Commencing graceful shutdown. Waiting for active requests to complete
2025-02-03T12:17:29.280-06:00  INFO 69920 --- [tomcat-shutdown] o.s.b.w.e.tomcat.GracefulShutdown        : Graceful shutdown complete
2025-02-03T12:18:52.099-06:00  INFO 87292 --- [main] o.progress.semaphore.SemaphoreServices   : Starting SemaphoreServices using Java 17.0.2 with PID 87292 (C:\Tech\eclipse\SemaphoreServices\target\classes started by bgeorge in C:\Tech\eclipse\SemaphoreServices)
2025-02-03T12:18:52.105-06:00  INFO 87292 --- [main] o.progress.semaphore.SemaphoreServices   : No active profile set, falling back to 1 default profile: "default"
2025-02-03T12:18:54.260-06:00  INFO 87292 --- [main] o.s.b.w.embedded.tomcat.TomcatWebServer  : Tomcat initialized with port 9090 (http)
2025-02-03T12:18:54.281-06:00  INFO 87292 --- [main] o.apache.catalina.core.StandardService   : Starting service [Tomcat]
2025-02-03T12:18:54.282-06:00  INFO 87292 --- [main] o.apache.catalina.core.StandardEngine    : Starting Servlet engine: [Apache Tomcat/10.1.34]
2025-02-03T12:18:54.406-06:00  INFO 87292 --- [main] o.a.c.c.C.[Tomcat].[localhost].[/]       : Initializing Spring embedded WebApplicationContext
2025-02-03T12:18:54.407-06:00  INFO 87292 --- [main] w.s.c.ServletWebServerApplicationContext : Root WebApplicationContext: initialization completed in 2184 ms
2025-02-03T12:18:55.142-06:00  INFO 87292 --- [main] o.s.b.w.embedded.tomcat.TomcatWebServer  : Tomcat started on port 9090 (http) with context path '/'
2025-02-03T12:18:55.158-06:00  INFO 87292 --- [main] o.progress.semaphore.SemaphoreServices   : Started SemaphoreServices in 4.008 seconds (process running for 4.899)
2025-02-03T12:19:07.711-06:00  INFO 87292 --- [http-nio-9090-exec-1] o.a.c.c.C.[Tomcat].[localhost].[/]       : Initializing Spring DispatcherServlet 'dispatcherServlet'
2025-02-03T12:19:07.713-06:00  INFO 87292 --- [http-nio-9090-exec-1] o.s.web.servlet.DispatcherServlet        : Initializing Servlet 'dispatcherServlet'
2025-02-03T12:19:07.715-06:00  INFO 87292 --- [http-nio-9090-exec-1] o.s.web.servlet.DispatcherServlet        : Completed initialization in 2 ms
2025-02-03T12:19:09.127-06:00  INFO 87292 --- [http-nio-9090-exec-1] com.smartlogic.cloud.TokenFetcher        : getAccessToken: 'https://demo.data.progress.cloud/token'
2025-02-03T12:19:10.781-06:00  INFO 87292 --- [http-nio-9090-exec-1] com.smartlogic.cloud.TokenFetcher        : Status: 200
2025-02-03T12:19:10.836-06:00  INFO 87292 --- [http-nio-9090-exec-1] c.s.ontologyeditor.OEClientReadWrite     : getConceptSchemeByNameResponse entry: Concept Review - Newly Added
2025-02-03T12:19:10.842-06:00  INFO 87292 --- [http-nio-9090-exec-1] c.s.ontologyeditor.OEClientReadWrite     : getConceptSchemeByNameResponse url: https://demo.data.progress.cloud/studio/livestudio/kmm/api/task:ProgressChatBot:KRTTask/skos:ConceptScheme/meta:transitiveInstance
2025-02-03T12:19:10.843-06:00  INFO 87292 --- [http-nio-9090-exec-1] c.s.ontologyeditor.OEClientReadWrite     : getConceptSchemeByNameResponse queryParameters: {language=en, filters=subject(rdfs:label matches "Concept Review - Newly Added"@en), properties=rdfs:label,sem:guid}
2025-02-03T12:19:11.559-06:00  WARN 87292 --- [http-nio-9090-exec-1] o.g.j.message.internal.MessagingBinders  : A class jakarta.activation.DataSource for a default provider MessageBodyWriter<jakarta.activation.DataSource> was not found. The provider is not available.
2025-02-03T12:19:11.839-06:00  INFO 87292 --- [http-nio-9090-exec-1] c.s.ontologyeditor.OEClientReadWrite     : getConceptSchemeByNameResponse making call  : 1738606751839
2025-02-03T12:19:13.075-06:00  INFO 87292 --- [http-nio-9090-exec-1] c.s.ontologyeditor.OEClientReadWrite     : getConceptSchemeByNameResponse: jsonResponse {
  "@graph": [
    {
      "@id": "http://example.com/ProgressChatBot#ConceptScheme/ConceptReview-NewlyAdded0",
      "sem:guid": [
        {
          "@value": "9fb8a1ea-0016-4627-9425-9cea18f825c6"
        }
      ],
      "rdfs:label": [
        {
          "@language": "en",
          "@value": "Concept Review - Newly Added"
        }
      ]
    }
  ],
  "@context": {
    "@language": "",
    "meta": "http://www.smartlogic.com/2014/10/semaphore-meta#",
    "meta:transitiveType": {
      "@type": "@id"
    },
    "skos": "http://www.w3.org/2004/02/skos/core#",
    "semcommands": "http://www.smartlogic.com/2019/04/semaphore-commands#",
    "semshreports": "http://www.smartlogic.com/2018/10/semaphore-shacl-reports#",
    "semshfun": "http://www.smartlogic.com/2018/03/semaphore-shacl-functions#",
    "spif": "http://spinrdf.org/spif#",
    "tables": "http://topbraid.org/tables#",
    "semvar": "http://www.smartlogic.com/2015/10/semaphore-var#",
    "sysmodel": "urn:x-sys-model:",
    "semreports": "http://www.smartlogic.com/2017/06/semaphore-reports#",
    "dcterms": "http://purl.org/dc/terms/",
    "model": "urn:x-evn-master:",
    "owl": "http://www.w3.org/2002/07/owl#",
    "sys:Model": "owl:Ontology",
    "sempubfun": "http://www.smartlogic.com/2019/08/semaphore-publisher-functions#",
    "tempgraph": "urn:x-temp-graph:",
    "specialgraph": "urn:x-special-graph:",
    "recservice": "http://www.smartlogic.com/2021/05/reconciliation-services#",
    "semlang": "http://www.smartlogic.com/2015/03/semaphore-languages#",
    "semordrules": "http://www.smartlogic.com/2018/03/semaphore-ordering-rules#",
    "sempubconf": "http://www.smartlogic.com/2019/04/semaphore-publisher-configuration#",
    "semwidgets": "http://www.smartlogic.com/2016/02/semaphore-widgets#",
    "taxonomies": "http://evn.topbraidlive.org/evnprojects#",
    "semgroups": "http://www.smartlogic.com/2018/04/semaphore-groups#",
    "sempub": "http://www.smartlogic.com/2017/06/semaphore-publisher#",
    "role": "urn:x-tb-role:",
    "semalerting": "http://www.smartlogic.com/2023/06/semaphore-alerting#",
    "sempubpermissions": "http://www.smartlogic.com/2019/03/semaphore-publisher-permissions#",
    "rdfs": "http://www.w3.org/2000/01/rdf-schema#",
    "tchmodel": "urn:x-evn-tch-union:",
    "smf": "http://topbraid.org/sparqlmotionfunctions#",
    "example": "http://proto.smartlogic.com/example#",
    "semtemplates": "http://www.smartlogic.com/2016/04/semaphore-templates#",
    "sh": "http://www.w3.org/ns/shacl#",
    "semmonitoring": "http://www.smartlogic.com/2019/02/semaphore-monitoring#",
    "arg": "http://spinrdf.org/arg#",
    "semord": "http://www.smartlogic.com/2018/03/semaphore-ordering#",
    "sem": "http://www.smartlogic.com/2014/08/semaphore-core#",
    "spinmap": "http://spinrdf.org/spinmap#",
    "sp": "http://spinrdf.org/sp#",
    "semordfun": "http://www.smartlogic.com/2018/03/semaphore-ordering-functions#",
    "skosxl": "http://www.w3.org/2008/05/skos-xl#",
    "semsys": "http://www.smartlogic.com/2019/09/semaphore-system#",
    "semsh": "http://www.smartlogic.com/2019/06/semaphore-shacl#",
    "teamwork": "http://topbraid.org/teamwork#",
    "rdf": "http://www.w3.org/1999/02/22-rdf-syntax-ns#",
    "spin": "http://spinrdf.org/spin#",
    "semupgrade": "http://www.smartlogic.com/2019/03/semaphore-upgrade#",
    "semspinmap": "http://www.smartlogic.com/2016/04/semaphore-spinMap#",
    "swa": "http://topbraid.org/swa#",
    "semspinx": "http://www.smartlogic.com/2015/11/semaphore-spin#",
    "dc": "http://purl.org/dc/elements/1.1/",
    "graph:teamwork": "http://topbraid.org/teamwork",
    "semspinadapter": "http://www.smartlogic.com/2019/08/semaphore-spin-adapter#",
    "graph:users": "http://server.topbraidlive.org/dynamic/users",
    "teamworkrulesx": "http://www.smartlogic.com/2016/05/semaphore-teamworkrulesx#",
    "ui": "http://uispin.org/ui#",
    "semutils": "http://www.smartlogic.com/2015/09/semaphore-utils#",
    "evntask": "urn:x-evn-tag:",
    "tag": "urn:x-tags:",
    "foaf": "http://xmlns.com/foaf/0.1/",
    "sioc": "http://rdfs.org/sioc/ns#",
    "systask": "urn:x-sys-task:",
    "semstatmetafun": "http://www.smartlogic.com/2024/02/semaphore-statements-metadata-functions#",
    "semui": "http://www.smartlogic.com/2017/12/semaphore-ui#",
    "list": "http://jena.hpl.hp.com/ARQ/list#",
    "graph:recservices": "http://www.smartlogic.com/2021/05/reconciliation-services",
    "semplugin": "http://www.smartlogic.com/2018/06/semaphore-plugins#",
    "spl": "http://spinrdf.org/spl#",
    "task": "urn:x-ort-tag:",
    "semfun": "http://www.smartlogic.com/2015/02/semaphore-functions#",
    "sys:Task": "teamwork:Tag",
    "sempermissions": "http://www.smartlogic.com/2015/11/semaphore-permissions#",
    "semgroupsfun": "http://www.smartlogic.com/2018/04/semaphore-groups-functions#",
    "fn": "http://www.w3.org/2005/xpath-functions#",
    "xsd": "http://www.w3.org/2001/XMLSchema#",
    "semvirtfun": "http://www.smartlogic.com/2019/01/semaphore-virtualgraph-functions#",
    "sys": "http://www.smartlogic.com/2014/10/semaphore-sys#",
    "systaskext": "urn:x-sys-task-with-master:",
    "semspincache": "http://www.smartlogic.com/2018/06/semaphore-spin-cache#",
    "evnimport": "urn:x-tb:evnimport#",
    "semstatmeta": "http://www.smartlogic.com/2023/03/semaphore-statements-metadata#",
    "lang": "http://id.loc.gov/vocabulary/iso639-1/",
    "semspin": "http://www.smartlogic.com/2015/02/semaphore-spin-functions#",
    "temp": "urn:x-temp:",
    "graph:sempermissions": "http://www.smartlogic.com/2015/11/semaphore-permissions",
    "semalertingfun": "http://www.smartlogic.com/2023/11/semaphore-alerting-spin-functions-tch#",
    "afn": "http://jena.apache.org/ARQ/function#",
    "semupdates": "http://www.smartlogic.com/2019/04/semaphore-updates#",
    "semlisteners": "http://www.smartlogic.com/2016/10/semaphore-listeners#",
    "semvirt": "http://www.smartlogic.com/2019/01/semaphore-virtualgraph#",
    "sempath": "http://www.smartlogic.com/2016/01/semaphore-path#",
    "user": "urn:x-tb-users:",
    "semworkspace": "http://www.smartlogic.com/2019/01/semaphore-workspace#",
    "semmaprel": "http://www.smartlogic.com/2021/03/semaphore-mapping-relationship#"
  }
}
2025-02-03T12:19:13.119-06:00  INFO 87292 --- [http-nio-9090-exec-1] c.s.ontologyeditor.beans.ConceptScheme   : ConceptScheme - exit: http://example.com/ProgressChatBot#ConceptScheme/ConceptReview-NewlyAdded0
2025-02-03T12:19:13.124-06:00  INFO 87292 --- [http-nio-9090-exec-1] c.s.ontologyeditor.OEClientReadWrite     : createConcept entry: http://example.com/ProgressChatBot#ConceptScheme/ConceptReview-NewlyAdded0 http://example.com/APITest#Concept1test7
2025-02-03T12:19:13.220-06:00  INFO 87292 --- [http-nio-9090-exec-1] c.s.ontologyeditor.OEClientReadWrite     : createConcept making call  : 1738606753220
2025-02-03T12:19:14.126-06:00  WARN 87292 --- [http-nio-9090-exec-1] c.s.ontologyeditor.OEClientReadWrite     : createConcept call returned error 409: {
  "errors": [
    {
      "type": "validation.alreadyExists",
      "params": {
        "itemGraphUri": "evntask:ProgressChatBot:SMEReview",
        "itemType": "identifier",
        "itemValue": "http://example.com/APITest#Concept1test7"
      },
      "developerInfo": []
    }
  ]
}
2025-02-03T12:19:14.127-06:00  INFO 87292 --- [http-nio-9090-exec-1] o.p.s.services.ConceptReviewService      : Failed to add concept test7
2025-02-03T12:19:14.128-06:00  INFO 87292 --- [http-nio-9090-exec-1] c.s.ontologyeditor.OEClientReadWrite     : createConcept entry: http://example.com/ProgressChatBot#ConceptScheme/ConceptReview-NewlyAdded0 http://example.com/APITest#Concept1Monkey1
2025-02-03T12:19:14.177-06:00  INFO 87292 --- [http-nio-9090-exec-1] c.s.ontologyeditor.OEClientReadWrite     : createConcept making call  : 1738606754177
2025-02-03T12:19:15.579-06:00  INFO 87292 --- [http-nio-9090-exec-1] c.s.ontologyeditor.OEClientReadWrite     : createConcept call completed successfully: {}
2025-02-03T12:20:10.975-06:00  INFO 87292 --- [http-nio-9090-exec-3] com.smartlogic.cloud.TokenFetcher        : getAccessToken: 'https://demo.data.progress.cloud/token'
2025-02-03T12:20:11.279-06:00  INFO 87292 --- [http-nio-9090-exec-3] com.smartlogic.cloud.TokenFetcher        : Status: 200
2025-02-03T12:20:11.283-06:00  INFO 87292 --- [http-nio-9090-exec-3] c.s.ontologyeditor.OEClientReadWrite     : getConceptSchemeByNameResponse entry: Concept Review - Newly Added
2025-02-03T12:20:11.283-06:00  INFO 87292 --- [http-nio-9090-exec-3] c.s.ontologyeditor.OEClientReadWrite     : getConceptSchemeByNameResponse url: https://demo.data.progress.cloud/studio/livestudio/kmm/api/task:ProgressChatBot:KRTTask/skos:ConceptScheme/meta:transitiveInstance
2025-02-03T12:20:11.284-06:00  INFO 87292 --- [http-nio-9090-exec-3] c.s.ontologyeditor.OEClientReadWrite     : getConceptSchemeByNameResponse queryParameters: {language=en, filters=subject(rdfs:label matches "Concept Review - Newly Added"@en), properties=rdfs:label,sem:guid}
2025-02-03T12:20:11.322-06:00  INFO 87292 --- [http-nio-9090-exec-3] c.s.ontologyeditor.OEClientReadWrite     : getConceptSchemeByNameResponse making call  : 1738606811322
2025-02-03T12:20:12.214-06:00  INFO 87292 --- [http-nio-9090-exec-3] c.s.ontologyeditor.OEClientReadWrite     : getConceptSchemeByNameResponse: jsonResponse {
  "@graph": [
    {
      "@id": "http://example.com/ProgressChatBot#ConceptScheme/ConceptReview-NewlyAdded0",
      "sem:guid": [
        {
          "@value": "9fb8a1ea-0016-4627-9425-9cea18f825c6"
        }
      ],
      "rdfs:label": [
        {
          "@language": "en",
          "@value": "Concept Review - Newly Added"
        }
      ]
    }
  ],
  "@context": {
    "@language": "",
    "meta": "http://www.smartlogic.com/2014/10/semaphore-meta#",
    "meta:transitiveType": {
      "@type": "@id"
    },
    "skos": "http://www.w3.org/2004/02/skos/core#",
    "semcommands": "http://www.smartlogic.com/2019/04/semaphore-commands#",
    "semshreports": "http://www.smartlogic.com/2018/10/semaphore-shacl-reports#",
    "semshfun": "http://www.smartlogic.com/2018/03/semaphore-shacl-functions#",
    "spif": "http://spinrdf.org/spif#",
    "tables": "http://topbraid.org/tables#",
    "semvar": "http://www.smartlogic.com/2015/10/semaphore-var#",
    "sysmodel": "urn:x-sys-model:",
    "semreports": "http://www.smartlogic.com/2017/06/semaphore-reports#",
    "dcterms": "http://purl.org/dc/terms/",
    "model": "urn:x-evn-master:",
    "owl": "http://www.w3.org/2002/07/owl#",
    "sys:Model": "owl:Ontology",
    "sempubfun": "http://www.smartlogic.com/2019/08/semaphore-publisher-functions#",
    "tempgraph": "urn:x-temp-graph:",
    "specialgraph": "urn:x-special-graph:",
    "recservice": "http://www.smartlogic.com/2021/05/reconciliation-services#",
    "semlang": "http://www.smartlogic.com/2015/03/semaphore-languages#",
    "semordrules": "http://www.smartlogic.com/2018/03/semaphore-ordering-rules#",
    "sempubconf": "http://www.smartlogic.com/2019/04/semaphore-publisher-configuration#",
    "semwidgets": "http://www.smartlogic.com/2016/02/semaphore-widgets#",
    "taxonomies": "http://evn.topbraidlive.org/evnprojects#",
    "semgroups": "http://www.smartlogic.com/2018/04/semaphore-groups#",
    "sempub": "http://www.smartlogic.com/2017/06/semaphore-publisher#",
    "role": "urn:x-tb-role:",
    "semalerting": "http://www.smartlogic.com/2023/06/semaphore-alerting#",
    "sempubpermissions": "http://www.smartlogic.com/2019/03/semaphore-publisher-permissions#",
    "rdfs": "http://www.w3.org/2000/01/rdf-schema#",
    "tchmodel": "urn:x-evn-tch-union:",
    "smf": "http://topbraid.org/sparqlmotionfunctions#",
    "example": "http://proto.smartlogic.com/example#",
    "semtemplates": "http://www.smartlogic.com/2016/04/semaphore-templates#",
    "sh": "http://www.w3.org/ns/shacl#",
    "semmonitoring": "http://www.smartlogic.com/2019/02/semaphore-monitoring#",
    "arg": "http://spinrdf.org/arg#",
    "semord": "http://www.smartlogic.com/2018/03/semaphore-ordering#",
    "sem": "http://www.smartlogic.com/2014/08/semaphore-core#",
    "spinmap": "http://spinrdf.org/spinmap#",
    "sp": "http://spinrdf.org/sp#",
    "semordfun": "http://www.smartlogic.com/2018/03/semaphore-ordering-functions#",
    "skosxl": "http://www.w3.org/2008/05/skos-xl#",
    "semsys": "http://www.smartlogic.com/2019/09/semaphore-system#",
    "semsh": "http://www.smartlogic.com/2019/06/semaphore-shacl#",
    "teamwork": "http://topbraid.org/teamwork#",
    "rdf": "http://www.w3.org/1999/02/22-rdf-syntax-ns#",
    "spin": "http://spinrdf.org/spin#",
    "semupgrade": "http://www.smartlogic.com/2019/03/semaphore-upgrade#",
    "semspinmap": "http://www.smartlogic.com/2016/04/semaphore-spinMap#",
    "swa": "http://topbraid.org/swa#",
    "semspinx": "http://www.smartlogic.com/2015/11/semaphore-spin#",
    "dc": "http://purl.org/dc/elements/1.1/",
    "graph:teamwork": "http://topbraid.org/teamwork",
    "semspinadapter": "http://www.smartlogic.com/2019/08/semaphore-spin-adapter#",
    "graph:users": "http://server.topbraidlive.org/dynamic/users",
    "teamworkrulesx": "http://www.smartlogic.com/2016/05/semaphore-teamworkrulesx#",
    "ui": "http://uispin.org/ui#",
    "semutils": "http://www.smartlogic.com/2015/09/semaphore-utils#",
    "evntask": "urn:x-evn-tag:",
    "tag": "urn:x-tags:",
    "foaf": "http://xmlns.com/foaf/0.1/",
    "sioc": "http://rdfs.org/sioc/ns#",
    "systask": "urn:x-sys-task:",
    "semstatmetafun": "http://www.smartlogic.com/2024/02/semaphore-statements-metadata-functions#",
    "semui": "http://www.smartlogic.com/2017/12/semaphore-ui#",
    "list": "http://jena.hpl.hp.com/ARQ/list#",
    "graph:recservices": "http://www.smartlogic.com/2021/05/reconciliation-services",
    "semplugin": "http://www.smartlogic.com/2018/06/semaphore-plugins#",
    "spl": "http://spinrdf.org/spl#",
    "task": "urn:x-ort-tag:",
    "semfun": "http://www.smartlogic.com/2015/02/semaphore-functions#",
    "sys:Task": "teamwork:Tag",
    "sempermissions": "http://www.smartlogic.com/2015/11/semaphore-permissions#",
    "semgroupsfun": "http://www.smartlogic.com/2018/04/semaphore-groups-functions#",
    "fn": "http://www.w3.org/2005/xpath-functions#",
    "xsd": "http://www.w3.org/2001/XMLSchema#",
    "semvirtfun": "http://www.smartlogic.com/2019/01/semaphore-virtualgraph-functions#",
    "sys": "http://www.smartlogic.com/2014/10/semaphore-sys#",
    "systaskext": "urn:x-sys-task-with-master:",
    "semspincache": "http://www.smartlogic.com/2018/06/semaphore-spin-cache#",
    "evnimport": "urn:x-tb:evnimport#",
    "semstatmeta": "http://www.smartlogic.com/2023/03/semaphore-statements-metadata#",
    "lang": "http://id.loc.gov/vocabulary/iso639-1/",
    "semspin": "http://www.smartlogic.com/2015/02/semaphore-spin-functions#",
    "temp": "urn:x-temp:",
    "graph:sempermissions": "http://www.smartlogic.com/2015/11/semaphore-permissions",
    "semalertingfun": "http://www.smartlogic.com/2023/11/semaphore-alerting-spin-functions-tch#",
    "afn": "http://jena.apache.org/ARQ/function#",
    "semupdates": "http://www.smartlogic.com/2019/04/semaphore-updates#",
    "semlisteners": "http://www.smartlogic.com/2016/10/semaphore-listeners#",
    "semvirt": "http://www.smartlogic.com/2019/01/semaphore-virtualgraph#",
    "sempath": "http://www.smartlogic.com/2016/01/semaphore-path#",
    "user": "urn:x-tb-users:",
    "semworkspace": "http://www.smartlogic.com/2019/01/semaphore-workspace#",
    "semmaprel": "http://www.smartlogic.com/2021/03/semaphore-mapping-relationship#"
  }
}
2025-02-03T12:20:12.220-06:00  INFO 87292 --- [http-nio-9090-exec-3] c.s.ontologyeditor.beans.ConceptScheme   : ConceptScheme - exit: http://example.com/ProgressChatBot#ConceptScheme/ConceptReview-NewlyAdded0
2025-02-03T12:20:12.220-06:00  INFO 87292 --- [http-nio-9090-exec-3] c.s.ontologyeditor.OEClientReadWrite     : createConcept entry: http://example.com/ProgressChatBot#ConceptScheme/ConceptReview-NewlyAdded0 http://example.com/APITest#Concept1JimMorris
2025-02-03T12:20:12.244-06:00  INFO 87292 --- [http-nio-9090-exec-3] c.s.ontologyeditor.OEClientReadWrite     : createConcept making call  : 1738606812244
2025-02-03T12:20:13.978-06:00  WARN 87292 --- [http-nio-9090-exec-3] c.s.ontologyeditor.OEClientReadWrite     : createConcept call returned error 409: {
  "errors": [
    {
      "type": "validation.alreadyExists",
      "params": {
        "itemGraphUri": "evntask:ProgressChatBot:SMEReview",
        "itemType": "identifier",
        "itemValue": "http://example.com/APITest#Concept1JimMorris"
      },
      "developerInfo": []
    }
  ]
}
2025-02-03T12:20:13.979-06:00  INFO 87292 --- [http-nio-9090-exec-3] o.p.s.services.ConceptReviewService      : Failed to add concept Jim Morris
2025-02-03T12:20:13.979-06:00  INFO 87292 --- [http-nio-9090-exec-3] c.s.ontologyeditor.OEClientReadWrite     : createConcept entry: http://example.com/ProgressChatBot#ConceptScheme/ConceptReview-NewlyAdded0 http://example.com/APITest#Concept1Progress
2025-02-03T12:20:14.010-06:00  INFO 87292 --- [http-nio-9090-exec-3] c.s.ontologyeditor.OEClientReadWrite     : createConcept making call  : 1738606814010
2025-02-03T12:20:15.514-06:00  WARN 87292 --- [http-nio-9090-exec-3] c.s.ontologyeditor.OEClientReadWrite     : createConcept call returned error 409: {
  "errors": [
    {
      "type": "validation.alreadyExists",
      "params": {
        "itemGraphUri": "evntask:ProgressChatBot:SMEReview",
        "itemType": "identifier",
        "itemValue": "http://example.com/APITest#Concept1Progress"
      },
      "developerInfo": []
    }
  ]
}
2025-02-03T12:20:15.515-06:00  INFO 87292 --- [http-nio-9090-exec-3] o.p.s.services.ConceptReviewService      : Failed to add concept Progress
2025-02-03T12:29:44.765-06:00  INFO 87292 --- [http-nio-9090-exec-6] com.smartlogic.cloud.TokenFetcher        : getAccessToken: 'https://demo.data.progress.cloud/token'
2025-02-03T12:29:45.178-06:00  INFO 87292 --- [http-nio-9090-exec-6] com.smartlogic.cloud.TokenFetcher        : Status: 200
2025-02-03T12:29:45.185-06:00  INFO 87292 --- [http-nio-9090-exec-6] c.s.ontologyeditor.OEClientReadWrite     : getConceptSchemeByNameResponse entry: Concept Review - Newly Added
2025-02-03T12:29:45.187-06:00  INFO 87292 --- [http-nio-9090-exec-6] c.s.ontologyeditor.OEClientReadWrite     : getConceptSchemeByNameResponse url: https://demo.data.progress.cloud/studio/livestudio/kmm/api/task:ProgressChatBot:KRTTask/skos:ConceptScheme/meta:transitiveInstance
2025-02-03T12:29:45.188-06:00  INFO 87292 --- [http-nio-9090-exec-6] c.s.ontologyeditor.OEClientReadWrite     : getConceptSchemeByNameResponse queryParameters: {language=en, filters=subject(rdfs:label matches "Concept Review - Newly Added"@en), properties=rdfs:label,sem:guid}
2025-02-03T12:29:45.219-06:00  INFO 87292 --- [http-nio-9090-exec-6] c.s.ontologyeditor.OEClientReadWrite     : getConceptSchemeByNameResponse making call  : 1738607385219
2025-02-03T12:29:46.128-06:00  INFO 87292 --- [http-nio-9090-exec-6] c.s.ontologyeditor.OEClientReadWrite     : getConceptSchemeByNameResponse: jsonResponse {
  "@graph": [
    {
      "@id": "http://example.com/ProgressChatBot#ConceptScheme/ConceptReview-NewlyAdded0",
      "sem:guid": [
        {
          "@value": "9fb8a1ea-0016-4627-9425-9cea18f825c6"
        }
      ],
      "rdfs:label": [
        {
          "@language": "en",
          "@value": "Concept Review - Newly Added"
        }
      ]
    }
  ],
  "@context": {
    "@language": "",
    "meta": "http://www.smartlogic.com/2014/10/semaphore-meta#",
    "meta:transitiveType": {
      "@type": "@id"
    },
    "skos": "http://www.w3.org/2004/02/skos/core#",
    "semcommands": "http://www.smartlogic.com/2019/04/semaphore-commands#",
    "semshreports": "http://www.smartlogic.com/2018/10/semaphore-shacl-reports#",
    "semshfun": "http://www.smartlogic.com/2018/03/semaphore-shacl-functions#",
    "spif": "http://spinrdf.org/spif#",
    "tables": "http://topbraid.org/tables#",
    "semvar": "http://www.smartlogic.com/2015/10/semaphore-var#",
    "sysmodel": "urn:x-sys-model:",
    "semreports": "http://www.smartlogic.com/2017/06/semaphore-reports#",
    "dcterms": "http://purl.org/dc/terms/",
    "model": "urn:x-evn-master:",
    "owl": "http://www.w3.org/2002/07/owl#",
    "sys:Model": "owl:Ontology",
    "sempubfun": "http://www.smartlogic.com/2019/08/semaphore-publisher-functions#",
    "tempgraph": "urn:x-temp-graph:",
    "specialgraph": "urn:x-special-graph:",
    "recservice": "http://www.smartlogic.com/2021/05/reconciliation-services#",
    "semlang": "http://www.smartlogic.com/2015/03/semaphore-languages#",
    "semordrules": "http://www.smartlogic.com/2018/03/semaphore-ordering-rules#",
    "sempubconf": "http://www.smartlogic.com/2019/04/semaphore-publisher-configuration#",
    "semwidgets": "http://www.smartlogic.com/2016/02/semaphore-widgets#",
    "taxonomies": "http://evn.topbraidlive.org/evnprojects#",
    "semgroups": "http://www.smartlogic.com/2018/04/semaphore-groups#",
    "sempub": "http://www.smartlogic.com/2017/06/semaphore-publisher#",
    "role": "urn:x-tb-role:",
    "semalerting": "http://www.smartlogic.com/2023/06/semaphore-alerting#",
    "sempubpermissions": "http://www.smartlogic.com/2019/03/semaphore-publisher-permissions#",
    "rdfs": "http://www.w3.org/2000/01/rdf-schema#",
    "tchmodel": "urn:x-evn-tch-union:",
    "smf": "http://topbraid.org/sparqlmotionfunctions#",
    "example": "http://proto.smartlogic.com/example#",
    "semtemplates": "http://www.smartlogic.com/2016/04/semaphore-templates#",
    "sh": "http://www.w3.org/ns/shacl#",
    "semmonitoring": "http://www.smartlogic.com/2019/02/semaphore-monitoring#",
    "arg": "http://spinrdf.org/arg#",
    "semord": "http://www.smartlogic.com/2018/03/semaphore-ordering#",
    "sem": "http://www.smartlogic.com/2014/08/semaphore-core#",
    "spinmap": "http://spinrdf.org/spinmap#",
    "sp": "http://spinrdf.org/sp#",
    "semordfun": "http://www.smartlogic.com/2018/03/semaphore-ordering-functions#",
    "skosxl": "http://www.w3.org/2008/05/skos-xl#",
    "semsys": "http://www.smartlogic.com/2019/09/semaphore-system#",
    "semsh": "http://www.smartlogic.com/2019/06/semaphore-shacl#",
    "teamwork": "http://topbraid.org/teamwork#",
    "rdf": "http://www.w3.org/1999/02/22-rdf-syntax-ns#",
    "spin": "http://spinrdf.org/spin#",
    "semupgrade": "http://www.smartlogic.com/2019/03/semaphore-upgrade#",
    "semspinmap": "http://www.smartlogic.com/2016/04/semaphore-spinMap#",
    "swa": "http://topbraid.org/swa#",
    "semspinx": "http://www.smartlogic.com/2015/11/semaphore-spin#",
    "dc": "http://purl.org/dc/elements/1.1/",
    "graph:teamwork": "http://topbraid.org/teamwork",
    "semspinadapter": "http://www.smartlogic.com/2019/08/semaphore-spin-adapter#",
    "graph:users": "http://server.topbraidlive.org/dynamic/users",
    "teamworkrulesx": "http://www.smartlogic.com/2016/05/semaphore-teamworkrulesx#",
    "ui": "http://uispin.org/ui#",
    "semutils": "http://www.smartlogic.com/2015/09/semaphore-utils#",
    "evntask": "urn:x-evn-tag:",
    "tag": "urn:x-tags:",
    "foaf": "http://xmlns.com/foaf/0.1/",
    "sioc": "http://rdfs.org/sioc/ns#",
    "systask": "urn:x-sys-task:",
    "semstatmetafun": "http://www.smartlogic.com/2024/02/semaphore-statements-metadata-functions#",
    "semui": "http://www.smartlogic.com/2017/12/semaphore-ui#",
    "list": "http://jena.hpl.hp.com/ARQ/list#",
    "graph:recservices": "http://www.smartlogic.com/2021/05/reconciliation-services",
    "semplugin": "http://www.smartlogic.com/2018/06/semaphore-plugins#",
    "spl": "http://spinrdf.org/spl#",
    "task": "urn:x-ort-tag:",
    "semfun": "http://www.smartlogic.com/2015/02/semaphore-functions#",
    "sys:Task": "teamwork:Tag",
    "sempermissions": "http://www.smartlogic.com/2015/11/semaphore-permissions#",
    "semgroupsfun": "http://www.smartlogic.com/2018/04/semaphore-groups-functions#",
    "fn": "http://www.w3.org/2005/xpath-functions#",
    "xsd": "http://www.w3.org/2001/XMLSchema#",
    "semvirtfun": "http://www.smartlogic.com/2019/01/semaphore-virtualgraph-functions#",
    "sys": "http://www.smartlogic.com/2014/10/semaphore-sys#",
    "systaskext": "urn:x-sys-task-with-master:",
    "semspincache": "http://www.smartlogic.com/2018/06/semaphore-spin-cache#",
    "evnimport": "urn:x-tb:evnimport#",
    "semstatmeta": "http://www.smartlogic.com/2023/03/semaphore-statements-metadata#",
    "lang": "http://id.loc.gov/vocabulary/iso639-1/",
    "semspin": "http://www.smartlogic.com/2015/02/semaphore-spin-functions#",
    "temp": "urn:x-temp:",
    "graph:sempermissions": "http://www.smartlogic.com/2015/11/semaphore-permissions",
    "semalertingfun": "http://www.smartlogic.com/2023/11/semaphore-alerting-spin-functions-tch#",
    "afn": "http://jena.apache.org/ARQ/function#",
    "semupdates": "http://www.smartlogic.com/2019/04/semaphore-updates#",
    "semlisteners": "http://www.smartlogic.com/2016/10/semaphore-listeners#",
    "semvirt": "http://www.smartlogic.com/2019/01/semaphore-virtualgraph#",
    "sempath": "http://www.smartlogic.com/2016/01/semaphore-path#",
    "user": "urn:x-tb-users:",
    "semworkspace": "http://www.smartlogic.com/2019/01/semaphore-workspace#",
    "semmaprel": "http://www.smartlogic.com/2021/03/semaphore-mapping-relationship#"
  }
}
2025-02-03T12:29:46.132-06:00  INFO 87292 --- [http-nio-9090-exec-6] c.s.ontologyeditor.beans.ConceptScheme   : ConceptScheme - exit: http://example.com/ProgressChatBot#ConceptScheme/ConceptReview-NewlyAdded0
2025-02-03T12:29:46.134-06:00  INFO 87292 --- [http-nio-9090-exec-6] c.s.ontologyeditor.OEClientReadWrite     : createConcept entry: http://example.com/ProgressChatBot#ConceptScheme/ConceptReview-NewlyAdded0 http://example.com/APITest#Concept1BijuGeorge
2025-02-03T12:29:46.154-06:00  INFO 87292 --- [http-nio-9090-exec-6] c.s.ontologyeditor.OEClientReadWrite     : createConcept making call  : 1738607386154
2025-02-03T12:29:47.554-06:00  INFO 87292 --- [http-nio-9090-exec-6] c.s.ontologyeditor.OEClientReadWrite     : createConcept call completed successfully: {}
2025-02-03T12:29:47.555-06:00  INFO 87292 --- [http-nio-9090-exec-6] c.s.ontologyeditor.OEClientReadWrite     : createConcept entry: http://example.com/ProgressChatBot#ConceptScheme/ConceptReview-NewlyAdded0 http://example.com/APITest#Concept1Progress
2025-02-03T12:29:47.587-06:00  INFO 87292 --- [http-nio-9090-exec-6] c.s.ontologyeditor.OEClientReadWrite     : createConcept making call  : 1738607387587
2025-02-03T12:29:48.470-06:00  WARN 87292 --- [http-nio-9090-exec-6] c.s.ontologyeditor.OEClientReadWrite     : createConcept call returned error 409: {
  "errors": [
    {
      "type": "validation.alreadyExists",
      "params": {
        "itemGraphUri": "evntask:ProgressChatBot:SMEReview",
        "itemType": "identifier",
        "itemValue": "http://example.com/APITest#Concept1Progress"
      },
      "developerInfo": []
    }
  ]
}
2025-02-03T12:29:48.471-06:00  INFO 87292 --- [http-nio-9090-exec-6] o.p.s.services.ConceptReviewService      : Failed to add concept Progress
2025-02-03T12:30:13.707-06:00  INFO 87292 --- [http-nio-9090-exec-8] com.smartlogic.cloud.TokenFetcher        : getAccessToken: 'https://demo.data.progress.cloud/token'
2025-02-03T12:30:13.996-06:00  INFO 87292 --- [http-nio-9090-exec-8] com.smartlogic.cloud.TokenFetcher        : Status: 200
2025-02-03T12:30:14.001-06:00  INFO 87292 --- [http-nio-9090-exec-8] c.s.ontologyeditor.OEClientReadWrite     : getConceptSchemeByNameResponse entry: Concept Review - Newly Added
2025-02-03T12:30:14.002-06:00  INFO 87292 --- [http-nio-9090-exec-8] c.s.ontologyeditor.OEClientReadWrite     : getConceptSchemeByNameResponse url: https://demo.data.progress.cloud/studio/livestudio/kmm/api/task:ProgressChatBot:KRTTask/skos:ConceptScheme/meta:transitiveInstance
2025-02-03T12:30:14.003-06:00  INFO 87292 --- [http-nio-9090-exec-8] c.s.ontologyeditor.OEClientReadWrite     : getConceptSchemeByNameResponse queryParameters: {language=en, filters=subject(rdfs:label matches "Concept Review - Newly Added"@en), properties=rdfs:label,sem:guid}
2025-02-03T12:30:14.031-06:00  INFO 87292 --- [http-nio-9090-exec-8] c.s.ontologyeditor.OEClientReadWrite     : getConceptSchemeByNameResponse making call  : 1738607414031
2025-02-03T12:30:14.953-06:00  INFO 87292 --- [http-nio-9090-exec-8] c.s.ontologyeditor.OEClientReadWrite     : getConceptSchemeByNameResponse: jsonResponse {
  "@graph": [
    {
      "@id": "http://example.com/ProgressChatBot#ConceptScheme/ConceptReview-NewlyAdded0",
      "sem:guid": [
        {
          "@value": "9fb8a1ea-0016-4627-9425-9cea18f825c6"
        }
      ],
      "rdfs:label": [
        {
          "@language": "en",
          "@value": "Concept Review - Newly Added"
        }
      ]
    }
  ],
  "@context": {
    "@language": "",
    "meta": "http://www.smartlogic.com/2014/10/semaphore-meta#",
    "meta:transitiveType": {
      "@type": "@id"
    },
    "skos": "http://www.w3.org/2004/02/skos/core#",
    "semcommands": "http://www.smartlogic.com/2019/04/semaphore-commands#",
    "semshreports": "http://www.smartlogic.com/2018/10/semaphore-shacl-reports#",
    "semshfun": "http://www.smartlogic.com/2018/03/semaphore-shacl-functions#",
    "spif": "http://spinrdf.org/spif#",
    "tables": "http://topbraid.org/tables#",
    "semvar": "http://www.smartlogic.com/2015/10/semaphore-var#",
    "sysmodel": "urn:x-sys-model:",
    "semreports": "http://www.smartlogic.com/2017/06/semaphore-reports#",
    "dcterms": "http://purl.org/dc/terms/",
    "model": "urn:x-evn-master:",
    "owl": "http://www.w3.org/2002/07/owl#",
    "sys:Model": "owl:Ontology",
    "sempubfun": "http://www.smartlogic.com/2019/08/semaphore-publisher-functions#",
    "tempgraph": "urn:x-temp-graph:",
    "specialgraph": "urn:x-special-graph:",
    "recservice": "http://www.smartlogic.com/2021/05/reconciliation-services#",
    "semlang": "http://www.smartlogic.com/2015/03/semaphore-languages#",
    "semordrules": "http://www.smartlogic.com/2018/03/semaphore-ordering-rules#",
    "sempubconf": "http://www.smartlogic.com/2019/04/semaphore-publisher-configuration#",
    "semwidgets": "http://www.smartlogic.com/2016/02/semaphore-widgets#",
    "taxonomies": "http://evn.topbraidlive.org/evnprojects#",
    "semgroups": "http://www.smartlogic.com/2018/04/semaphore-groups#",
    "sempub": "http://www.smartlogic.com/2017/06/semaphore-publisher#",
    "role": "urn:x-tb-role:",
    "semalerting": "http://www.smartlogic.com/2023/06/semaphore-alerting#",
    "sempubpermissions": "http://www.smartlogic.com/2019/03/semaphore-publisher-permissions#",
    "rdfs": "http://www.w3.org/2000/01/rdf-schema#",
    "tchmodel": "urn:x-evn-tch-union:",
    "smf": "http://topbraid.org/sparqlmotionfunctions#",
    "example": "http://proto.smartlogic.com/example#",
    "semtemplates": "http://www.smartlogic.com/2016/04/semaphore-templates#",
    "sh": "http://www.w3.org/ns/shacl#",
    "semmonitoring": "http://www.smartlogic.com/2019/02/semaphore-monitoring#",
    "arg": "http://spinrdf.org/arg#",
    "semord": "http://www.smartlogic.com/2018/03/semaphore-ordering#",
    "sem": "http://www.smartlogic.com/2014/08/semaphore-core#",
    "spinmap": "http://spinrdf.org/spinmap#",
    "sp": "http://spinrdf.org/sp#",
    "semordfun": "http://www.smartlogic.com/2018/03/semaphore-ordering-functions#",
    "skosxl": "http://www.w3.org/2008/05/skos-xl#",
    "semsys": "http://www.smartlogic.com/2019/09/semaphore-system#",
    "semsh": "http://www.smartlogic.com/2019/06/semaphore-shacl#",
    "teamwork": "http://topbraid.org/teamwork#",
    "rdf": "http://www.w3.org/1999/02/22-rdf-syntax-ns#",
    "spin": "http://spinrdf.org/spin#",
    "semupgrade": "http://www.smartlogic.com/2019/03/semaphore-upgrade#",
    "semspinmap": "http://www.smartlogic.com/2016/04/semaphore-spinMap#",
    "swa": "http://topbraid.org/swa#",
    "semspinx": "http://www.smartlogic.com/2015/11/semaphore-spin#",
    "dc": "http://purl.org/dc/elements/1.1/",
    "graph:teamwork": "http://topbraid.org/teamwork",
    "semspinadapter": "http://www.smartlogic.com/2019/08/semaphore-spin-adapter#",
    "graph:users": "http://server.topbraidlive.org/dynamic/users",
    "teamworkrulesx": "http://www.smartlogic.com/2016/05/semaphore-teamworkrulesx#",
    "ui": "http://uispin.org/ui#",
    "semutils": "http://www.smartlogic.com/2015/09/semaphore-utils#",
    "evntask": "urn:x-evn-tag:",
    "tag": "urn:x-tags:",
    "foaf": "http://xmlns.com/foaf/0.1/",
    "sioc": "http://rdfs.org/sioc/ns#",
    "systask": "urn:x-sys-task:",
    "semstatmetafun": "http://www.smartlogic.com/2024/02/semaphore-statements-metadata-functions#",
    "semui": "http://www.smartlogic.com/2017/12/semaphore-ui#",
    "list": "http://jena.hpl.hp.com/ARQ/list#",
    "graph:recservices": "http://www.smartlogic.com/2021/05/reconciliation-services",
    "semplugin": "http://www.smartlogic.com/2018/06/semaphore-plugins#",
    "spl": "http://spinrdf.org/spl#",
    "task": "urn:x-ort-tag:",
    "semfun": "http://www.smartlogic.com/2015/02/semaphore-functions#",
    "sys:Task": "teamwork:Tag",
    "sempermissions": "http://www.smartlogic.com/2015/11/semaphore-permissions#",
    "semgroupsfun": "http://www.smartlogic.com/2018/04/semaphore-groups-functions#",
    "fn": "http://www.w3.org/2005/xpath-functions#",
    "xsd": "http://www.w3.org/2001/XMLSchema#",
    "semvirtfun": "http://www.smartlogic.com/2019/01/semaphore-virtualgraph-functions#",
    "sys": "http://www.smartlogic.com/2014/10/semaphore-sys#",
    "systaskext": "urn:x-sys-task-with-master:",
    "semspincache": "http://www.smartlogic.com/2018/06/semaphore-spin-cache#",
    "evnimport": "urn:x-tb:evnimport#",
    "semstatmeta": "http://www.smartlogic.com/2023/03/semaphore-statements-metadata#",
    "lang": "http://id.loc.gov/vocabulary/iso639-1/",
    "semspin": "http://www.smartlogic.com/2015/02/semaphore-spin-functions#",
    "temp": "urn:x-temp:",
    "graph:sempermissions": "http://www.smartlogic.com/2015/11/semaphore-permissions",
    "semalertingfun": "http://www.smartlogic.com/2023/11/semaphore-alerting-spin-functions-tch#",
    "afn": "http://jena.apache.org/ARQ/function#",
    "semupdates": "http://www.smartlogic.com/2019/04/semaphore-updates#",
    "semlisteners": "http://www.smartlogic.com/2016/10/semaphore-listeners#",
    "semvirt": "http://www.smartlogic.com/2019/01/semaphore-virtualgraph#",
    "sempath": "http://www.smartlogic.com/2016/01/semaphore-path#",
    "user": "urn:x-tb-users:",
    "semworkspace": "http://www.smartlogic.com/2019/01/semaphore-workspace#",
    "semmaprel": "http://www.smartlogic.com/2021/03/semaphore-mapping-relationship#"
  }
}
2025-02-03T12:30:14.955-06:00  INFO 87292 --- [http-nio-9090-exec-8] c.s.ontologyeditor.beans.ConceptScheme   : ConceptScheme - exit: http://example.com/ProgressChatBot#ConceptScheme/ConceptReview-NewlyAdded0
2025-02-03T12:30:14.956-06:00  INFO 87292 --- [http-nio-9090-exec-8] c.s.ontologyeditor.OEClientReadWrite     : createConcept entry: http://example.com/ProgressChatBot#ConceptScheme/ConceptReview-NewlyAdded0 http://example.com/APITest#Concept1BijuGeorge
2025-02-03T12:30:14.974-06:00  INFO 87292 --- [http-nio-9090-exec-8] c.s.ontologyeditor.OEClientReadWrite     : createConcept making call  : 1738607414974
2025-02-03T12:30:15.909-06:00  WARN 87292 --- [http-nio-9090-exec-8] c.s.ontologyeditor.OEClientReadWrite     : createConcept call returned error 409: {
  "errors": [
    {
      "type": "validation.alreadyExists",
      "params": {
        "itemGraphUri": "evntask:ProgressChatBot:KRTTask",
        "itemType": "identifier",
        "itemValue": "http://example.com/APITest#Concept1BijuGeorge"
      },
      "developerInfo": []
    },
    {
      "type": "validation.alreadyExists",
      "params": {
        "itemGraphUri": "task:ProgressChatBot:KRTTask",
        "itemType": "identifier",
        "itemValue": "http://example.com/APITest#Concept1BijuGeorge"
      },
      "developerInfo": []
    }
  ]
}
2025-02-03T12:30:15.911-06:00  INFO 87292 --- [http-nio-9090-exec-8] o.p.s.services.ConceptReviewService      : Failed to add concept Biju George
2025-02-03T12:30:15.911-06:00  INFO 87292 --- [http-nio-9090-exec-8] c.s.ontologyeditor.OEClientReadWrite     : createConcept entry: http://example.com/ProgressChatBot#ConceptScheme/ConceptReview-NewlyAdded0 http://example.com/APITest#Concept1Progress
2025-02-03T12:30:15.934-06:00  INFO 87292 --- [http-nio-9090-exec-8] c.s.ontologyeditor.OEClientReadWrite     : createConcept making call  : 1738607415934
2025-02-03T12:30:16.832-06:00  WARN 87292 --- [http-nio-9090-exec-8] c.s.ontologyeditor.OEClientReadWrite     : createConcept call returned error 409: {
  "errors": [
    {
      "type": "validation.alreadyExists",
      "params": {
        "itemGraphUri": "evntask:ProgressChatBot:SMEReview",
        "itemType": "identifier",
        "itemValue": "http://example.com/APITest#Concept1Progress"
      },
      "developerInfo": []
    }
  ]
}
2025-02-03T12:30:16.834-06:00  INFO 87292 --- [http-nio-9090-exec-8] o.p.s.services.ConceptReviewService      : Failed to add concept Progress
2025-02-03T13:21:20.321-06:00  INFO 87292 --- [http-nio-9090-exec-2] com.smartlogic.cloud.TokenFetcher        : getAccessToken: 'https://demo.data.progress.cloud/token'
2025-02-03T13:21:20.667-06:00  INFO 87292 --- [http-nio-9090-exec-2] com.smartlogic.cloud.TokenFetcher        : Status: 200
2025-02-03T13:21:20.683-06:00  INFO 87292 --- [http-nio-9090-exec-2] c.s.ontologyeditor.OEClientReadWrite     : getConceptSchemeByNameResponse entry: Concept Review - Newly Added
2025-02-03T13:21:20.683-06:00  INFO 87292 --- [http-nio-9090-exec-2] c.s.ontologyeditor.OEClientReadWrite     : getConceptSchemeByNameResponse url: https://demo.data.progress.cloud/studio/livestudio/kmm/api/task:ProgressChatBot:KRTTask/skos:ConceptScheme/meta:transitiveInstance
2025-02-03T13:21:20.685-06:00  INFO 87292 --- [http-nio-9090-exec-2] c.s.ontologyeditor.OEClientReadWrite     : getConceptSchemeByNameResponse queryParameters: {language=en, filters=subject(rdfs:label matches "Concept Review - Newly Added"@en), properties=rdfs:label,sem:guid}
2025-02-03T13:21:20.766-06:00  INFO 87292 --- [http-nio-9090-exec-2] c.s.ontologyeditor.OEClientReadWrite     : getConceptSchemeByNameResponse making call  : 1738610480766
2025-02-03T13:21:32.418-06:00  INFO 87292 --- [http-nio-9090-exec-2] c.s.ontologyeditor.OEClientReadWrite     : getConceptSchemeByNameResponse: jsonResponse {
  "@graph": [
    {
      "@id": "http://example.com/ProgressChatBot#ConceptScheme/ConceptReview-NewlyAdded0",
      "sem:guid": [
        {
          "@value": "9fb8a1ea-0016-4627-9425-9cea18f825c6"
        }
      ],
      "rdfs:label": [
        {
          "@language": "en",
          "@value": "Concept Review - Newly Added"
        }
      ]
    }
  ],
  "@context": {
    "@language": "",
    "meta": "http://www.smartlogic.com/2014/10/semaphore-meta#",
    "meta:transitiveType": {
      "@type": "@id"
    },
    "skos": "http://www.w3.org/2004/02/skos/core#",
    "semcommands": "http://www.smartlogic.com/2019/04/semaphore-commands#",
    "semshreports": "http://www.smartlogic.com/2018/10/semaphore-shacl-reports#",
    "semshfun": "http://www.smartlogic.com/2018/03/semaphore-shacl-functions#",
    "spif": "http://spinrdf.org/spif#",
    "tables": "http://topbraid.org/tables#",
    "semvar": "http://www.smartlogic.com/2015/10/semaphore-var#",
    "sysmodel": "urn:x-sys-model:",
    "semreports": "http://www.smartlogic.com/2017/06/semaphore-reports#",
    "dcterms": "http://purl.org/dc/terms/",
    "model": "urn:x-evn-master:",
    "owl": "http://www.w3.org/2002/07/owl#",
    "sys:Model": "owl:Ontology",
    "sempubfun": "http://www.smartlogic.com/2019/08/semaphore-publisher-functions#",
    "tempgraph": "urn:x-temp-graph:",
    "specialgraph": "urn:x-special-graph:",
    "recservice": "http://www.smartlogic.com/2021/05/reconciliation-services#",
    "semlang": "http://www.smartlogic.com/2015/03/semaphore-languages#",
    "semordrules": "http://www.smartlogic.com/2018/03/semaphore-ordering-rules#",
    "sempubconf": "http://www.smartlogic.com/2019/04/semaphore-publisher-configuration#",
    "semwidgets": "http://www.smartlogic.com/2016/02/semaphore-widgets#",
    "taxonomies": "http://evn.topbraidlive.org/evnprojects#",
    "semgroups": "http://www.smartlogic.com/2018/04/semaphore-groups#",
    "sempub": "http://www.smartlogic.com/2017/06/semaphore-publisher#",
    "role": "urn:x-tb-role:",
    "semalerting": "http://www.smartlogic.com/2023/06/semaphore-alerting#",
    "sempubpermissions": "http://www.smartlogic.com/2019/03/semaphore-publisher-permissions#",
    "rdfs": "http://www.w3.org/2000/01/rdf-schema#",
    "tchmodel": "urn:x-evn-tch-union:",
    "smf": "http://topbraid.org/sparqlmotionfunctions#",
    "example": "http://proto.smartlogic.com/example#",
    "semtemplates": "http://www.smartlogic.com/2016/04/semaphore-templates#",
    "sh": "http://www.w3.org/ns/shacl#",
    "semmonitoring": "http://www.smartlogic.com/2019/02/semaphore-monitoring#",
    "arg": "http://spinrdf.org/arg#",
    "semord": "http://www.smartlogic.com/2018/03/semaphore-ordering#",
    "sem": "http://www.smartlogic.com/2014/08/semaphore-core#",
    "spinmap": "http://spinrdf.org/spinmap#",
    "sp": "http://spinrdf.org/sp#",
    "semordfun": "http://www.smartlogic.com/2018/03/semaphore-ordering-functions#",
    "skosxl": "http://www.w3.org/2008/05/skos-xl#",
    "semsys": "http://www.smartlogic.com/2019/09/semaphore-system#",
    "semsh": "http://www.smartlogic.com/2019/06/semaphore-shacl#",
    "teamwork": "http://topbraid.org/teamwork#",
    "rdf": "http://www.w3.org/1999/02/22-rdf-syntax-ns#",
    "spin": "http://spinrdf.org/spin#",
    "semupgrade": "http://www.smartlogic.com/2019/03/semaphore-upgrade#",
    "semspinmap": "http://www.smartlogic.com/2016/04/semaphore-spinMap#",
    "swa": "http://topbraid.org/swa#",
    "semspinx": "http://www.smartlogic.com/2015/11/semaphore-spin#",
    "dc": "http://purl.org/dc/elements/1.1/",
    "graph:teamwork": "http://topbraid.org/teamwork",
    "semspinadapter": "http://www.smartlogic.com/2019/08/semaphore-spin-adapter#",
    "graph:users": "http://server.topbraidlive.org/dynamic/users",
    "teamworkrulesx": "http://www.smartlogic.com/2016/05/semaphore-teamworkrulesx#",
    "ui": "http://uispin.org/ui#",
    "semutils": "http://www.smartlogic.com/2015/09/semaphore-utils#",
    "evntask": "urn:x-evn-tag:",
    "tag": "urn:x-tags:",
    "foaf": "http://xmlns.com/foaf/0.1/",
    "sioc": "http://rdfs.org/sioc/ns#",
    "systask": "urn:x-sys-task:",
    "semstatmetafun": "http://www.smartlogic.com/2024/02/semaphore-statements-metadata-functions#",
    "semui": "http://www.smartlogic.com/2017/12/semaphore-ui#",
    "list": "http://jena.hpl.hp.com/ARQ/list#",
    "graph:recservices": "http://www.smartlogic.com/2021/05/reconciliation-services",
    "semplugin": "http://www.smartlogic.com/2018/06/semaphore-plugins#",
    "spl": "http://spinrdf.org/spl#",
    "task": "urn:x-ort-tag:",
    "semfun": "http://www.smartlogic.com/2015/02/semaphore-functions#",
    "sys:Task": "teamwork:Tag",
    "sempermissions": "http://www.smartlogic.com/2015/11/semaphore-permissions#",
    "semgroupsfun": "http://www.smartlogic.com/2018/04/semaphore-groups-functions#",
    "fn": "http://www.w3.org/2005/xpath-functions#",
    "xsd": "http://www.w3.org/2001/XMLSchema#",
    "semvirtfun": "http://www.smartlogic.com/2019/01/semaphore-virtualgraph-functions#",
    "sys": "http://www.smartlogic.com/2014/10/semaphore-sys#",
    "systaskext": "urn:x-sys-task-with-master:",
    "semspincache": "http://www.smartlogic.com/2018/06/semaphore-spin-cache#",
    "evnimport": "urn:x-tb:evnimport#",
    "semstatmeta": "http://www.smartlogic.com/2023/03/semaphore-statements-metadata#",
    "lang": "http://id.loc.gov/vocabulary/iso639-1/",
    "semspin": "http://www.smartlogic.com/2015/02/semaphore-spin-functions#",
    "temp": "urn:x-temp:",
    "graph:sempermissions": "http://www.smartlogic.com/2015/11/semaphore-permissions",
    "semalertingfun": "http://www.smartlogic.com/2023/11/semaphore-alerting-spin-functions-tch#",
    "afn": "http://jena.apache.org/ARQ/function#",
    "semupdates": "http://www.smartlogic.com/2019/04/semaphore-updates#",
    "semlisteners": "http://www.smartlogic.com/2016/10/semaphore-listeners#",
    "semvirt": "http://www.smartlogic.com/2019/01/semaphore-virtualgraph#",
    "sempath": "http://www.smartlogic.com/2016/01/semaphore-path#",
    "user": "urn:x-tb-users:",
    "semworkspace": "http://www.smartlogic.com/2019/01/semaphore-workspace#",
    "semmaprel": "http://www.smartlogic.com/2021/03/semaphore-mapping-relationship#"
  }
}
2025-02-03T13:21:32.446-06:00  INFO 87292 --- [http-nio-9090-exec-2] c.s.ontologyeditor.beans.ConceptScheme   : ConceptScheme - exit: http://example.com/ProgressChatBot#ConceptScheme/ConceptReview-NewlyAdded0
2025-02-03T13:21:32.448-06:00  INFO 87292 --- [http-nio-9090-exec-2] c.s.ontologyeditor.OEClientReadWrite     : createConcept entry: http://example.com/ProgressChatBot#ConceptScheme/ConceptReview-NewlyAdded0 http://example.com/APITest#Concept1SandyBodzin
2025-02-03T13:21:32.628-06:00  INFO 87292 --- [http-nio-9090-exec-2] c.s.ontologyeditor.OEClientReadWrite     : createConcept making call  : 1738610492628
2025-02-03T13:21:36.602-06:00  INFO 87292 --- [http-nio-9090-exec-2] c.s.ontologyeditor.OEClientReadWrite     : createConcept call completed successfully: {}
2025-02-03T13:21:36.604-06:00  INFO 87292 --- [http-nio-9090-exec-2] c.s.ontologyeditor.OEClientReadWrite     : createConcept entry: http://example.com/ProgressChatBot#ConceptScheme/ConceptReview-NewlyAdded0 http://example.com/APITest#Concept1Progress
2025-02-03T13:21:36.649-06:00  INFO 87292 --- [http-nio-9090-exec-2] c.s.ontologyeditor.OEClientReadWrite     : createConcept making call  : 1738610496649
2025-02-03T13:21:38.625-06:00  WARN 87292 --- [http-nio-9090-exec-2] c.s.ontologyeditor.OEClientReadWrite     : createConcept call returned error 409: {
  "errors": [
    {
      "type": "validation.alreadyExists",
      "params": {
        "itemGraphUri": "evntask:ProgressChatBot:SMEReview",
        "itemType": "identifier",
        "itemValue": "http://example.com/APITest#Concept1Progress"
      },
      "developerInfo": []
    }
  ]
}
2025-02-03T13:21:38.626-06:00  INFO 87292 --- [http-nio-9090-exec-2] o.p.s.services.ConceptReviewService      : Failed to add concept Progress
2025-02-03T20:06:00.004-06:00  INFO 87292 --- [SpringApplicationShutdownHook] o.s.b.w.e.tomcat.GracefulShutdown        : Commencing graceful shutdown. Waiting for active requests to complete
2025-02-03T20:06:01.040-06:00  INFO 87292 --- [tomcat-shutdown] o.s.b.w.e.tomcat.GracefulShutdown        : Graceful shutdown complete
