2025-02-27T12:45:46.343-06:00  INFO 191948 --- [main] o.progress.semaphore.SemaphoreServices   : Starting SemaphoreServices v0.0.1-SNAPSHOT using Java 17.0.2 with PID 191948 (C:\Tech\eclipse\SemaphoreServices\target\SemaphoreOrchestrator-0.0.1-SNAPSHOT.jar started by bgeorge in C:\Tech\eclipse\SemaphoreServices\target)
2025-02-27T12:45:46.349-06:00  INFO 191948 --- [main] o.progress.semaphore.SemaphoreServices   : No active profile set, falling back to 1 default profile: "default"
2025-02-27T12:45:49.356-06:00  INFO 191948 --- [main] o.s.b.w.embedded.tomcat.TomcatWebServer  : Tomcat initialized with port 9090 (http)
2025-02-27T12:45:49.398-06:00  INFO 191948 --- [main] o.apache.catalina.core.StandardService   : Starting service [Tomcat]
2025-02-27T12:45:49.399-06:00  INFO 191948 --- [main] o.apache.catalina.core.StandardEngine    : Starting Servlet engine: [Apache Tomcat/10.1.34]
2025-02-27T12:45:49.513-06:00  INFO 191948 --- [main] o.a.c.c.C.[Tomcat].[localhost].[/]       : Initializing Spring embedded WebApplicationContext
2025-02-27T12:45:49.515-06:00  INFO 191948 --- [main] w.s.c.ServletWebServerApplicationContext : Root WebApplicationContext: initialization completed in 3029 ms
2025-02-27T12:45:50.639-06:00  INFO 191948 --- [main] o.s.b.w.embedded.tomcat.TomcatWebServer  : Tomcat started on port 9090 (http) with context path '/'
2025-02-27T12:45:50.688-06:00  INFO 191948 --- [main] o.progress.semaphore.SemaphoreServices   : Started SemaphoreServices in 5.615 seconds (process running for 6.55)
2025-02-27T12:49:57.478-06:00  INFO 191948 --- [SpringApplicationShutdownHook] o.s.b.w.e.tomcat.GracefulShutdown        : Commencing graceful shutdown. Waiting for active requests to complete
2025-02-27T12:49:58.528-06:00  INFO 191948 --- [tomcat-shutdown] o.s.b.w.e.tomcat.GracefulShutdown        : Graceful shutdown complete
2025-02-27T12:50:20.066-06:00  INFO 276372 --- [main] o.progress.semaphore.SemaphoreServices   : Starting SemaphoreServices v0.0.1-SNAPSHOT using Java 17.0.2 with PID 276372 (C:\Tech\eclipse\SemaphoreServices\target\SemaphoreOrchestrator-0.0.1-SNAPSHOT.jar started by bgeorge in C:\Tech\eclipse\SemaphoreServices\target)
2025-02-27T12:50:20.074-06:00  INFO 276372 --- [main] o.progress.semaphore.SemaphoreServices   : No active profile set, falling back to 1 default profile: "default"
2025-02-27T12:50:22.438-06:00  INFO 276372 --- [main] o.s.b.w.embedded.tomcat.TomcatWebServer  : Tomcat initialized with port 9090 (http)
2025-02-27T12:50:22.465-06:00  INFO 276372 --- [main] o.apache.catalina.core.StandardService   : Starting service [Tomcat]
2025-02-27T12:50:22.466-06:00  INFO 276372 --- [main] o.apache.catalina.core.StandardEngine    : Starting Servlet engine: [Apache Tomcat/10.1.34]
2025-02-27T12:50:22.566-06:00  INFO 276372 --- [main] o.a.c.c.C.[Tomcat].[localhost].[/]       : Initializing Spring embedded WebApplicationContext
2025-02-27T12:50:22.567-06:00  INFO 276372 --- [main] w.s.c.ServletWebServerApplicationContext : Root WebApplicationContext: initialization completed in 2361 ms
2025-02-27T12:50:23.921-06:00  INFO 276372 --- [main] o.s.b.w.embedded.tomcat.TomcatWebServer  : Tomcat started on port 9090 (http) with context path '/'
2025-02-27T12:50:23.955-06:00  INFO 276372 --- [main] o.progress.semaphore.SemaphoreServices   : Started SemaphoreServices in 5.142 seconds (process running for 6.085)
2025-02-27T12:52:07.318-06:00  INFO 276372 --- [http-nio-9090-exec-1] o.a.c.c.C.[Tomcat].[localhost].[/]       : Initializing Spring DispatcherServlet 'dispatcherServlet'
2025-02-27T12:52:07.319-06:00  INFO 276372 --- [http-nio-9090-exec-1] o.s.web.servlet.DispatcherServlet        : Initializing Servlet 'dispatcherServlet'
2025-02-27T12:52:07.321-06:00  INFO 276372 --- [http-nio-9090-exec-1] o.s.web.servlet.DispatcherServlet        : Completed initialization in 1 ms
2025-02-27T12:52:08.470-06:00  INFO 276372 --- [http-nio-9090-exec-1] com.smartlogic.cloud.TokenFetcher        : getAccessToken: 'https://demo.data.progress.cloud/token'
2025-02-27T12:52:09.840-06:00  INFO 276372 --- [http-nio-9090-exec-1] c.s.ontologyeditor.OEClientReadWrite     : getConceptSchemeByNameResponse entry: Concept Review - Newly Added
2025-02-27T12:52:09.850-06:00  INFO 276372 --- [http-nio-9090-exec-1] c.s.ontologyeditor.OEClientReadWrite     : getConceptSchemeByNameResponse url: https://demo.data.progress.cloud/studio/livestudio/kmm/api/task:ProgressChatBot:KRTTask/skos:ConceptScheme/meta:transitiveInstance
2025-02-27T12:52:09.851-06:00  INFO 276372 --- [http-nio-9090-exec-1] c.s.ontologyeditor.OEClientReadWrite     : getConceptSchemeByNameResponse queryParameters: {language=en, filters=subject(rdfs:label matches "Concept Review - Newly Added"@en), properties=rdfs:label,sem:guid}
2025-02-27T12:52:09.852-06:00  INFO 276372 --- [http-nio-9090-exec-1] c.s.ontologyeditor.OEClientReadWrite     : getConceptSchemeByNameResponse making call  : 1740682329852
2025-02-27T12:52:11.196-06:00  INFO 276372 --- [http-nio-9090-exec-1] c.s.ontologyeditor.OEClientReadWrite     : Call completed successfully
2025-02-27T12:52:11.259-06:00  INFO 276372 --- [http-nio-9090-exec-1] c.s.ontologyeditor.beans.ConceptScheme   : ConceptScheme - exit: http://example.com/ProgressChatBot#ConceptScheme/ConceptReview-NewlyAdded0
2025-02-27T12:52:11.266-06:00  INFO 276372 --- [http-nio-9090-exec-1] c.s.ontologyeditor.OEClientReadWrite     : createConcept entry: http://example.com/ProgressChatBot#ConceptScheme/ConceptReview-NewlyAdded0 http://example.com/APITest#Concept1Church
2025-02-27T12:52:11.293-06:00  INFO 276372 --- [http-nio-9090-exec-1] c.s.ontologyeditor.OEClientReadWrite     : createConcept making call  : 1740682331293
2025-02-27T12:52:12.228-06:00  WARN 276372 --- [http-nio-9090-exec-1] c.s.ontologyeditor.OEClientReadWrite     : Call returned error 409: {
  "errors": [
    {
      "type": "validation.alreadyExists",
      "params": {
        "itemGraphUri": "evntask:ProgressChatBot:SMEReview",
        "itemType": "identifier",
        "itemValue": "http://example.com/APITest#Concept1Church"
      },
      "developerInfo": []
    }
  ]
}
2025-02-27T12:52:12.229-06:00  INFO 276372 --- [http-nio-9090-exec-1] o.p.s.services.ConceptReviewService      : Failed to add concept Church
2025-02-27T12:52:12.230-06:00  INFO 276372 --- [http-nio-9090-exec-1] c.s.ontologyeditor.OEClientReadWrite     : createConcept entry: http://example.com/ProgressChatBot#ConceptScheme/ConceptReview-NewlyAdded0 http://example.com/APITest#Concept1building
2025-02-27T12:52:12.231-06:00  INFO 276372 --- [http-nio-9090-exec-1] c.s.ontologyeditor.OEClientReadWrite     : createConcept making call  : 1740682332231
2025-02-27T12:52:13.119-06:00  WARN 276372 --- [http-nio-9090-exec-1] c.s.ontologyeditor.OEClientReadWrite     : Call returned error 409: {
  "errors": [
    {
      "type": "validation.alreadyExists",
      "params": {
        "itemGraphUri": "evntask:ProgressChatBot:SMEReview",
        "itemType": "identifier",
        "itemValue": "http://example.com/APITest#Concept1building"
      },
      "developerInfo": []
    }
  ]
}
2025-02-27T12:52:13.120-06:00  INFO 276372 --- [http-nio-9090-exec-1] o.p.s.services.ConceptReviewService      : Failed to add concept building
2025-02-27T12:52:13.121-06:00  INFO 276372 --- [http-nio-9090-exec-1] c.s.ontologyeditor.OEClientReadWrite     : createConcept entry: http://example.com/ProgressChatBot#ConceptScheme/ConceptReview-NewlyAdded0 http://example.com/APITest#Concept1represent
2025-02-27T12:52:13.122-06:00  INFO 276372 --- [http-nio-9090-exec-1] c.s.ontologyeditor.OEClientReadWrite     : createConcept making call  : 1740682333122
2025-02-27T12:52:14.131-06:00  WARN 276372 --- [http-nio-9090-exec-1] c.s.ontologyeditor.OEClientReadWrite     : Call returned error 409: {
  "errors": [
    {
      "type": "validation.alreadyExists",
      "params": {
        "itemGraphUri": "evntask:ProgressChatBot:SMEReview",
        "itemType": "identifier",
        "itemValue": "http://example.com/APITest#Concept1represent"
      },
      "developerInfo": []
    }
  ]
}
2025-02-27T12:52:14.132-06:00  INFO 276372 --- [http-nio-9090-exec-1] o.p.s.services.ConceptReviewService      : Failed to add concept represent
2025-02-27T12:54:37.775-06:00  INFO 276372 --- [http-nio-9090-exec-3] com.smartlogic.cloud.TokenFetcher        : getAccessToken: 'https://demo.data.progress.cloud/token'
2025-02-27T12:54:38.119-06:00  INFO 276372 --- [http-nio-9090-exec-3] c.s.ontologyeditor.OEClientReadWrite     : getConceptSchemeByNameResponse entry: Concept Review - Newly Added
2025-02-27T12:54:38.120-06:00  INFO 276372 --- [http-nio-9090-exec-3] c.s.ontologyeditor.OEClientReadWrite     : getConceptSchemeByNameResponse url: https://demo.data.progress.cloud/studio/livestudio/kmm/api/task:ProgressChatBot:KRTTask/skos:ConceptScheme/meta:transitiveInstance
2025-02-27T12:54:38.121-06:00  INFO 276372 --- [http-nio-9090-exec-3] c.s.ontologyeditor.OEClientReadWrite     : getConceptSchemeByNameResponse queryParameters: {language=en, filters=subject(rdfs:label matches "Concept Review - Newly Added"@en), properties=rdfs:label,sem:guid}
2025-02-27T12:54:38.122-06:00  INFO 276372 --- [http-nio-9090-exec-3] c.s.ontologyeditor.OEClientReadWrite     : getConceptSchemeByNameResponse making call  : 1740682478122
2025-02-27T12:54:39.017-06:00  INFO 276372 --- [http-nio-9090-exec-3] c.s.ontologyeditor.OEClientReadWrite     : Call completed successfully
2025-02-27T12:54:39.023-06:00  INFO 276372 --- [http-nio-9090-exec-3] c.s.ontologyeditor.beans.ConceptScheme   : ConceptScheme - exit: http://example.com/ProgressChatBot#ConceptScheme/ConceptReview-NewlyAdded0
2025-02-27T12:54:39.024-06:00  INFO 276372 --- [http-nio-9090-exec-3] c.s.ontologyeditor.OEClientReadWrite     : createConcept entry: http://example.com/ProgressChatBot#ConceptScheme/ConceptReview-NewlyAdded0 http://example.com/APITest#Concept1Church
2025-02-27T12:54:39.025-06:00  INFO 276372 --- [http-nio-9090-exec-3] c.s.ontologyeditor.OEClientReadWrite     : createConcept making call  : 1740682479025
2025-02-27T12:54:40.300-06:00  INFO 276372 --- [http-nio-9090-exec-3] c.s.ontologyeditor.OEClientReadWrite     : Call completed successfully
2025-02-27T12:54:40.301-06:00  INFO 276372 --- [http-nio-9090-exec-3] c.s.ontologyeditor.OEClientReadWrite     : createConcept entry: http://example.com/ProgressChatBot#ConceptScheme/ConceptReview-NewlyAdded0 http://example.com/APITest#Concept1building
2025-02-27T12:54:40.301-06:00  INFO 276372 --- [http-nio-9090-exec-3] c.s.ontologyeditor.OEClientReadWrite     : createConcept making call  : 1740682480301
2025-02-27T12:54:41.571-06:00  INFO 276372 --- [http-nio-9090-exec-3] c.s.ontologyeditor.OEClientReadWrite     : Call completed successfully
2025-02-27T12:54:41.572-06:00  INFO 276372 --- [http-nio-9090-exec-3] c.s.ontologyeditor.OEClientReadWrite     : createConcept entry: http://example.com/ProgressChatBot#ConceptScheme/ConceptReview-NewlyAdded0 http://example.com/APITest#Concept1represent
2025-02-27T12:54:41.572-06:00  INFO 276372 --- [http-nio-9090-exec-3] c.s.ontologyeditor.OEClientReadWrite     : createConcept making call  : 1740682481572
2025-02-27T12:54:42.817-06:00  INFO 276372 --- [http-nio-9090-exec-3] c.s.ontologyeditor.OEClientReadWrite     : Call completed successfully
2025-02-27T12:57:01.020-06:00  INFO 276372 --- [http-nio-9090-exec-5] com.smartlogic.cloud.TokenFetcher        : getAccessToken: 'https://demo.data.progress.cloud/token'
2025-02-27T12:57:01.342-06:00  INFO 276372 --- [http-nio-9090-exec-5] c.s.ontologyeditor.OEClientReadWrite     : getConceptSchemeByNameResponse entry: Concept Review - Newly Added
2025-02-27T12:57:01.342-06:00  INFO 276372 --- [http-nio-9090-exec-5] c.s.ontologyeditor.OEClientReadWrite     : getConceptSchemeByNameResponse url: https://demo.data.progress.cloud/studio/livestudio/kmm/api/task:ProgressChatBot:KRTTask/skos:ConceptScheme/meta:transitiveInstance
2025-02-27T12:57:01.343-06:00  INFO 276372 --- [http-nio-9090-exec-5] c.s.ontologyeditor.OEClientReadWrite     : getConceptSchemeByNameResponse queryParameters: {language=en, filters=subject(rdfs:label matches "Concept Review - Newly Added"@en), properties=rdfs:label,sem:guid}
2025-02-27T12:57:01.344-06:00  INFO 276372 --- [http-nio-9090-exec-5] c.s.ontologyeditor.OEClientReadWrite     : getConceptSchemeByNameResponse making call  : 1740682621344
2025-02-27T12:57:02.257-06:00  INFO 276372 --- [http-nio-9090-exec-5] c.s.ontologyeditor.OEClientReadWrite     : Call completed successfully
2025-02-27T12:57:02.259-06:00  INFO 276372 --- [http-nio-9090-exec-5] c.s.ontologyeditor.beans.ConceptScheme   : ConceptScheme - exit: http://example.com/ProgressChatBot#ConceptScheme/ConceptReview-NewlyAdded0
2025-02-27T12:57:02.261-06:00  INFO 276372 --- [http-nio-9090-exec-5] c.s.ontologyeditor.OEClientReadWrite     : createConcept entry: http://example.com/ProgressChatBot#ConceptScheme/ConceptReview-NewlyAdded0 http://example.com/APITest#Concept1Propane
2025-02-27T12:57:02.263-06:00  INFO 276372 --- [http-nio-9090-exec-5] c.s.ontologyeditor.OEClientReadWrite     : createConcept making call  : 1740682622262
2025-02-27T12:57:03.548-06:00  INFO 276372 --- [http-nio-9090-exec-5] c.s.ontologyeditor.OEClientReadWrite     : Call completed successfully
2025-02-27T12:57:03.549-06:00  INFO 276372 --- [http-nio-9090-exec-5] c.s.ontologyeditor.OEClientReadWrite     : createConcept entry: http://example.com/ProgressChatBot#ConceptScheme/ConceptReview-NewlyAdded0 http://example.com/APITest#Concept1boats
2025-02-27T12:57:03.550-06:00  INFO 276372 --- [http-nio-9090-exec-5] c.s.ontologyeditor.OEClientReadWrite     : createConcept making call  : 1740682623550
2025-02-27T12:57:04.863-06:00  INFO 276372 --- [http-nio-9090-exec-5] c.s.ontologyeditor.OEClientReadWrite     : Call completed successfully
2025-02-27T12:57:04.864-06:00  INFO 276372 --- [http-nio-9090-exec-5] c.s.ontologyeditor.OEClientReadWrite     : createConcept entry: http://example.com/ProgressChatBot#ConceptScheme/ConceptReview-NewlyAdded0 http://example.com/APITest#Concept1fuel
2025-02-27T12:57:04.866-06:00  INFO 276372 --- [http-nio-9090-exec-5] c.s.ontologyeditor.OEClientReadWrite     : createConcept making call  : 1740682624866
2025-02-27T12:57:06.226-06:00  INFO 276372 --- [http-nio-9090-exec-5] c.s.ontologyeditor.OEClientReadWrite     : Call completed successfully
2025-02-27T20:37:28.077-06:00  INFO 276372 --- [SpringApplicationShutdownHook] o.s.b.w.e.tomcat.GracefulShutdown        : Commencing graceful shutdown. Waiting for active requests to complete
2025-02-27T20:37:29.427-06:00  INFO 276372 --- [tomcat-shutdown] o.s.b.w.e.tomcat.GracefulShutdown        : Graceful shutdown complete
