2025-02-28T08:22:49.848-06:00  INFO 283900 --- [main] o.progress.semaphore.SemaphoreServices   : Starting SemaphoreServices v0.0.1-SNAPSHOT using Java 17.0.2 with PID 283900 (C:\Tech\eclipse\SemaphoreServices\target\SemaphoreOrchestrator-0.0.1-SNAPSHOT.jar started by bgeorge in C:\Tech\eclipse\SemaphoreServices\target)
2025-02-28T08:22:49.863-06:00  INFO 283900 --- [main] o.progress.semaphore.SemaphoreServices   : No active profile set, falling back to 1 default profile: "default"
2025-02-28T08:22:52.281-06:00  INFO 283900 --- [main] o.s.b.w.embedded.tomcat.TomcatWebServer  : Tomcat initialized with port 9080 (http)
2025-02-28T08:22:52.301-06:00  INFO 283900 --- [main] o.apache.catalina.core.StandardService   : Starting service [Tomcat]
2025-02-28T08:22:52.302-06:00  INFO 283900 --- [main] o.apache.catalina.core.StandardEngine    : Starting Servlet engine: [Apache Tomcat/10.1.34]
2025-02-28T08:22:52.366-06:00  INFO 283900 --- [main] o.a.c.c.C.[Tomcat].[localhost].[/]       : Initializing Spring embedded WebApplicationContext
2025-02-28T08:22:52.367-06:00  INFO 283900 --- [main] w.s.c.ServletWebServerApplicationContext : Root WebApplicationContext: initialization completed in 2353 ms
2025-02-28T08:22:53.311-06:00  INFO 283900 --- [main] o.s.b.w.embedded.tomcat.TomcatWebServer  : Tomcat started on port 9080 (http) with context path '/'
2025-02-28T08:22:53.373-06:00  INFO 283900 --- [main] o.progress.semaphore.SemaphoreServices   : Started SemaphoreServices in 4.651 seconds (process running for 5.703)
2025-02-28T08:40:22.157-06:00  INFO 283900 --- [SpringApplicationShutdownHook] o.s.b.w.e.tomcat.GracefulShutdown        : Commencing graceful shutdown. Waiting for active requests to complete
2025-02-28T08:40:23.360-06:00  INFO 283900 --- [tomcat-shutdown] o.s.b.w.e.tomcat.GracefulShutdown        : Graceful shutdown complete
2025-02-28T08:40:31.995-06:00  INFO 288376 --- [main] o.progress.semaphore.SemaphoreServices   : Starting SemaphoreServices v0.0.1-SNAPSHOT using Java 17.0.2 with PID 288376 (C:\Tech\eclipse\SemaphoreServices\target\SemaphoreOrchestrator-0.0.1-SNAPSHOT.jar started by bgeorge in C:\Tech\eclipse\SemaphoreServices\target)
2025-02-28T08:40:32.017-06:00  INFO 288376 --- [main] o.progress.semaphore.SemaphoreServices   : No active profile set, falling back to 1 default profile: "default"
2025-02-28T08:40:35.480-06:00  INFO 288376 --- [main] o.s.b.w.embedded.tomcat.TomcatWebServer  : Tomcat initialized with port 9090 (http)
2025-02-28T08:40:35.516-06:00  INFO 288376 --- [main] o.apache.catalina.core.StandardService   : Starting service [Tomcat]
2025-02-28T08:40:35.519-06:00  INFO 288376 --- [main] o.apache.catalina.core.StandardEngine    : Starting Servlet engine: [Apache Tomcat/10.1.34]
2025-02-28T08:40:35.613-06:00  INFO 288376 --- [main] o.a.c.c.C.[Tomcat].[localhost].[/]       : Initializing Spring embedded WebApplicationContext
2025-02-28T08:40:35.614-06:00  INFO 288376 --- [main] w.s.c.ServletWebServerApplicationContext : Root WebApplicationContext: initialization completed in 3414 ms
2025-02-28T08:40:36.897-06:00  INFO 288376 --- [main] o.s.b.w.embedded.tomcat.TomcatWebServer  : Tomcat started on port 9090 (http) with context path '/'
2025-02-28T08:40:36.944-06:00  INFO 288376 --- [main] o.progress.semaphore.SemaphoreServices   : Started SemaphoreServices in 6.571 seconds (process running for 7.536)
2025-02-28T08:40:46.041-06:00  INFO 288376 --- [http-nio-9090-exec-5] o.a.c.c.C.[Tomcat].[localhost].[/]       : Initializing Spring DispatcherServlet 'dispatcherServlet'
2025-02-28T08:40:46.048-06:00  INFO 288376 --- [http-nio-9090-exec-5] o.s.web.servlet.DispatcherServlet        : Initializing Servlet 'dispatcherServlet'
2025-02-28T08:40:46.055-06:00  INFO 288376 --- [http-nio-9090-exec-5] o.s.web.servlet.DispatcherServlet        : Completed initialization in 3 ms
2025-02-28T08:40:48.005-06:00  INFO 288376 --- [http-nio-9090-exec-5] com.smartlogic.cloud.TokenFetcher        : getAccessToken: 'https://demo.data.progress.cloud/token'
2025-02-28T08:40:49.920-06:00  INFO 288376 --- [http-nio-9090-exec-5] c.s.ontologyeditor.OEClientReadWrite     : getConceptSchemeByNameResponse entry: Concept Review - Newly Added
2025-02-28T08:40:49.934-06:00  INFO 288376 --- [http-nio-9090-exec-5] c.s.ontologyeditor.OEClientReadWrite     : getConceptSchemeByNameResponse url: https://demo.data.progress.cloud/studio/livestudio/kmm/api/task:ProgressChatBot:KRTTask/skos:ConceptScheme/meta:transitiveInstance
2025-02-28T08:40:49.936-06:00  INFO 288376 --- [http-nio-9090-exec-5] c.s.ontologyeditor.OEClientReadWrite     : getConceptSchemeByNameResponse queryParameters: {language=en, filters=subject(rdfs:label matches "Concept Review - Newly Added"@en), properties=rdfs:label,sem:guid}
2025-02-28T08:40:49.939-06:00  INFO 288376 --- [http-nio-9090-exec-5] c.s.ontologyeditor.OEClientReadWrite     : getConceptSchemeByNameResponse making call  : 1740753649939
2025-02-28T08:40:50.860-06:00  INFO 288376 --- [http-nio-9090-exec-5] c.s.ontologyeditor.OEClientReadWrite     : Call completed successfully
2025-02-28T08:40:50.913-06:00  INFO 288376 --- [http-nio-9090-exec-5] c.s.ontologyeditor.beans.ConceptScheme   : ConceptScheme - exit: http://example.com/ProgressChatBot#ConceptScheme/ConceptReview-NewlyAdded0
2025-02-28T08:40:50.923-06:00  INFO 288376 --- [http-nio-9090-exec-5] c.s.ontologyeditor.OEClientReadWrite     : createConcept entry: http://example.com/ProgressChatBot#ConceptScheme/ConceptReview-NewlyAdded0 http://example.com/APITest#Concept1Propane
2025-02-28T08:40:50.951-06:00  INFO 288376 --- [http-nio-9090-exec-5] c.s.ontologyeditor.OEClientReadWrite     : createConcept making call  : 1740753650951
2025-02-28T08:40:52.261-06:00  INFO 288376 --- [http-nio-9090-exec-5] c.s.ontologyeditor.OEClientReadWrite     : Call completed successfully
2025-02-28T08:40:52.263-06:00  INFO 288376 --- [http-nio-9090-exec-5] c.s.ontologyeditor.OEClientReadWrite     : createConcept entry: http://example.com/ProgressChatBot#ConceptScheme/ConceptReview-NewlyAdded0 http://example.com/APITest#Concept1boats
2025-02-28T08:40:52.263-06:00  INFO 288376 --- [http-nio-9090-exec-5] c.s.ontologyeditor.OEClientReadWrite     : createConcept making call  : 1740753652263
2025-02-28T08:40:53.532-06:00  INFO 288376 --- [http-nio-9090-exec-5] c.s.ontologyeditor.OEClientReadWrite     : Call completed successfully
2025-02-28T08:40:53.533-06:00  INFO 288376 --- [http-nio-9090-exec-5] c.s.ontologyeditor.OEClientReadWrite     : createConcept entry: http://example.com/ProgressChatBot#ConceptScheme/ConceptReview-NewlyAdded0 http://example.com/APITest#Concept1fuel
2025-02-28T08:40:53.534-06:00  INFO 288376 --- [http-nio-9090-exec-5] c.s.ontologyeditor.OEClientReadWrite     : createConcept making call  : 1740753653534
2025-02-28T08:40:54.814-06:00  INFO 288376 --- [http-nio-9090-exec-5] c.s.ontologyeditor.OEClientReadWrite     : Call completed successfully
2025-02-28T08:43:10.662-06:00  INFO 288376 --- [http-nio-9090-exec-3] com.smartlogic.cloud.TokenFetcher        : getAccessToken: 'https://demo.data.progress.cloud/token'
2025-02-28T08:43:11.008-06:00  INFO 288376 --- [http-nio-9090-exec-3] c.s.ontologyeditor.OEClientReadWrite     : getConceptSchemeByNameResponse entry: Concept Review - Newly Added
2025-02-28T08:43:11.009-06:00  INFO 288376 --- [http-nio-9090-exec-3] c.s.ontologyeditor.OEClientReadWrite     : getConceptSchemeByNameResponse url: https://demo.data.progress.cloud/studio/livestudio/kmm/api/task:ProgressChatBot:KRTTask/skos:ConceptScheme/meta:transitiveInstance
2025-02-28T08:43:11.010-06:00  INFO 288376 --- [http-nio-9090-exec-3] c.s.ontologyeditor.OEClientReadWrite     : getConceptSchemeByNameResponse queryParameters: {language=en, filters=subject(rdfs:label matches "Concept Review - Newly Added"@en), properties=rdfs:label,sem:guid}
2025-02-28T08:43:11.010-06:00  INFO 288376 --- [http-nio-9090-exec-3] c.s.ontologyeditor.OEClientReadWrite     : getConceptSchemeByNameResponse making call  : 1740753791010
2025-02-28T08:43:11.938-06:00  INFO 288376 --- [http-nio-9090-exec-3] c.s.ontologyeditor.OEClientReadWrite     : Call completed successfully
2025-02-28T08:43:11.947-06:00  INFO 288376 --- [http-nio-9090-exec-3] c.s.ontologyeditor.beans.ConceptScheme   : ConceptScheme - exit: http://example.com/ProgressChatBot#ConceptScheme/ConceptReview-NewlyAdded0
2025-02-28T08:43:11.949-06:00  INFO 288376 --- [http-nio-9090-exec-3] c.s.ontologyeditor.OEClientReadWrite     : createConcept entry: http://example.com/ProgressChatBot#ConceptScheme/ConceptReview-NewlyAdded0 http://example.com/APITest#Concept1Propane
2025-02-28T08:43:11.951-06:00  INFO 288376 --- [http-nio-9090-exec-3] c.s.ontologyeditor.OEClientReadWrite     : createConcept making call  : 1740753791951
2025-02-28T08:43:12.755-06:00  WARN 288376 --- [http-nio-9090-exec-3] c.s.ontologyeditor.OEClientReadWrite     : Call returned error 409: {
  "errors": [
    {
      "type": "validation.alreadyExists",
      "params": {
        "itemGraphUri": "evntask:ProgressChatBot:KRTTask",
        "itemType": "identifier",
        "itemValue": "http://example.com/APITest#Concept1Propane"
      },
      "developerInfo": []
    },
    {
      "type": "validation.alreadyExists",
      "params": {
        "itemGraphUri": "task:ProgressChatBot:KRTTask",
        "itemType": "identifier",
        "itemValue": "http://example.com/APITest#Concept1Propane"
      },
      "developerInfo": []
    }
  ]
}
2025-02-28T08:43:12.758-06:00  INFO 288376 --- [http-nio-9090-exec-3] o.p.s.services.ConceptReviewService      : Failed to add concept Propane
2025-02-28T08:43:12.759-06:00  INFO 288376 --- [http-nio-9090-exec-3] c.s.ontologyeditor.OEClientReadWrite     : createConcept entry: http://example.com/ProgressChatBot#ConceptScheme/ConceptReview-NewlyAdded0 http://example.com/APITest#Concept1boats
2025-02-28T08:43:12.761-06:00  INFO 288376 --- [http-nio-9090-exec-3] c.s.ontologyeditor.OEClientReadWrite     : createConcept making call  : 1740753792761
2025-02-28T08:43:14.056-06:00  INFO 288376 --- [http-nio-9090-exec-3] c.s.ontologyeditor.OEClientReadWrite     : Call completed successfully
2025-02-28T08:43:14.058-06:00  INFO 288376 --- [http-nio-9090-exec-3] c.s.ontologyeditor.OEClientReadWrite     : createConcept entry: http://example.com/ProgressChatBot#ConceptScheme/ConceptReview-NewlyAdded0 http://example.com/APITest#Concept1fuel
2025-02-28T08:43:14.060-06:00  INFO 288376 --- [http-nio-9090-exec-3] c.s.ontologyeditor.OEClientReadWrite     : createConcept making call  : 1740753794060
2025-02-28T08:43:15.370-06:00  INFO 288376 --- [http-nio-9090-exec-3] c.s.ontologyeditor.OEClientReadWrite     : Call completed successfully
2025-02-28T08:44:08.362-06:00  INFO 288376 --- [http-nio-9090-exec-6] com.smartlogic.cloud.TokenFetcher        : getAccessToken: 'https://demo.data.progress.cloud/token'
2025-02-28T08:44:08.677-06:00  INFO 288376 --- [http-nio-9090-exec-6] c.s.ontologyeditor.OEClientReadWrite     : getConceptSchemeByNameResponse entry: Concept Review - Newly Added
2025-02-28T08:44:08.678-06:00  INFO 288376 --- [http-nio-9090-exec-6] c.s.ontologyeditor.OEClientReadWrite     : getConceptSchemeByNameResponse url: https://demo.data.progress.cloud/studio/livestudio/kmm/api/task:ProgressChatBot:KRTTask/skos:ConceptScheme/meta:transitiveInstance
2025-02-28T08:44:08.678-06:00  INFO 288376 --- [http-nio-9090-exec-6] c.s.ontologyeditor.OEClientReadWrite     : getConceptSchemeByNameResponse queryParameters: {language=en, filters=subject(rdfs:label matches "Concept Review - Newly Added"@en), properties=rdfs:label,sem:guid}
2025-02-28T08:44:08.679-06:00  INFO 288376 --- [http-nio-9090-exec-6] c.s.ontologyeditor.OEClientReadWrite     : getConceptSchemeByNameResponse making call  : 1740753848679
2025-02-28T08:44:09.595-06:00  INFO 288376 --- [http-nio-9090-exec-6] c.s.ontologyeditor.OEClientReadWrite     : Call completed successfully
2025-02-28T08:44:09.599-06:00  INFO 288376 --- [http-nio-9090-exec-6] c.s.ontologyeditor.beans.ConceptScheme   : ConceptScheme - exit: http://example.com/ProgressChatBot#ConceptScheme/ConceptReview-NewlyAdded0
2025-02-28T08:44:09.600-06:00  INFO 288376 --- [http-nio-9090-exec-6] c.s.ontologyeditor.OEClientReadWrite     : createConcept entry: http://example.com/ProgressChatBot#ConceptScheme/ConceptReview-NewlyAdded0 http://example.com/APITest#Concept1JimMorris
2025-02-28T08:44:09.601-06:00  INFO 288376 --- [http-nio-9090-exec-6] c.s.ontologyeditor.OEClientReadWrite     : createConcept making call  : 1740753849601
2025-02-28T08:44:10.926-06:00  INFO 288376 --- [http-nio-9090-exec-6] c.s.ontologyeditor.OEClientReadWrite     : Call completed successfully
2025-02-28T08:44:10.927-06:00  INFO 288376 --- [http-nio-9090-exec-6] c.s.ontologyeditor.OEClientReadWrite     : createConcept entry: http://example.com/ProgressChatBot#ConceptScheme/ConceptReview-NewlyAdded0 http://example.com/APITest#Concept1ProgressCorporation
2025-02-28T08:44:10.928-06:00  INFO 288376 --- [http-nio-9090-exec-6] c.s.ontologyeditor.OEClientReadWrite     : createConcept making call  : 1740753850928
2025-02-28T08:44:12.250-06:00  INFO 288376 --- [http-nio-9090-exec-6] c.s.ontologyeditor.OEClientReadWrite     : Call completed successfully
2025-02-28T12:37:01.394-06:00  INFO 288376 --- [http-nio-9090-exec-2] com.smartlogic.cloud.TokenFetcher        : getAccessToken: 'https://demo.data.progress.cloud/token'
2025-02-28T12:37:02.097-06:00  INFO 288376 --- [http-nio-9090-exec-2] c.s.ontologyeditor.OEClientReadWrite     : getConceptSchemeByNameResponse entry: Concept Review - Newly Added
2025-02-28T12:37:02.099-06:00  INFO 288376 --- [http-nio-9090-exec-2] c.s.ontologyeditor.OEClientReadWrite     : getConceptSchemeByNameResponse url: https://demo.data.progress.cloud/studio/livestudio/kmm/api/task:ProgressChatBot:KRTTask/skos:ConceptScheme/meta:transitiveInstance
2025-02-28T12:37:02.102-06:00  INFO 288376 --- [http-nio-9090-exec-2] c.s.ontologyeditor.OEClientReadWrite     : getConceptSchemeByNameResponse queryParameters: {language=en, filters=subject(rdfs:label matches "Concept Review - Newly Added"@en), properties=rdfs:label,sem:guid}
2025-02-28T12:37:02.103-06:00  INFO 288376 --- [http-nio-9090-exec-2] c.s.ontologyeditor.OEClientReadWrite     : getConceptSchemeByNameResponse making call  : 1740767822103
2025-02-28T12:37:03.104-06:00  INFO 288376 --- [http-nio-9090-exec-2] c.s.ontologyeditor.OEClientReadWrite     : Call completed successfully
2025-02-28T12:37:03.114-06:00  INFO 288376 --- [http-nio-9090-exec-2] c.s.ontologyeditor.beans.ConceptScheme   : ConceptScheme - exit: http://example.com/ProgressChatBot#ConceptScheme/ConceptReview-NewlyAdded0
2025-02-28T12:37:03.117-06:00  INFO 288376 --- [http-nio-9090-exec-2] c.s.ontologyeditor.OEClientReadWrite     : createConcept entry: http://example.com/ProgressChatBot#ConceptScheme/ConceptReview-NewlyAdded0 http://example.com/APITest#Concept1Propane
2025-02-28T12:37:03.119-06:00  INFO 288376 --- [http-nio-9090-exec-2] c.s.ontologyeditor.OEClientReadWrite     : createConcept making call  : 1740767823119
2025-02-28T12:37:04.517-06:00  INFO 288376 --- [http-nio-9090-exec-2] c.s.ontologyeditor.OEClientReadWrite     : Call completed successfully
2025-02-28T12:37:04.519-06:00  INFO 288376 --- [http-nio-9090-exec-2] c.s.ontologyeditor.OEClientReadWrite     : createConcept entry: http://example.com/ProgressChatBot#ConceptScheme/ConceptReview-NewlyAdded0 http://example.com/APITest#Concept1boats
2025-02-28T12:37:04.520-06:00  INFO 288376 --- [http-nio-9090-exec-2] c.s.ontologyeditor.OEClientReadWrite     : createConcept making call  : 1740767824520
2025-02-28T12:37:05.809-06:00  INFO 288376 --- [http-nio-9090-exec-2] c.s.ontologyeditor.OEClientReadWrite     : Call completed successfully
2025-02-28T12:37:05.810-06:00  INFO 288376 --- [http-nio-9090-exec-2] c.s.ontologyeditor.OEClientReadWrite     : createConcept entry: http://example.com/ProgressChatBot#ConceptScheme/ConceptReview-NewlyAdded0 http://example.com/APITest#Concept1fuel
2025-02-28T12:37:05.811-06:00  INFO 288376 --- [http-nio-9090-exec-2] c.s.ontologyeditor.OEClientReadWrite     : createConcept making call  : 1740767825811
2025-02-28T12:37:07.117-06:00  INFO 288376 --- [http-nio-9090-exec-2] c.s.ontologyeditor.OEClientReadWrite     : Call completed successfully
2025-02-28T12:39:19.501-06:00  INFO 288376 --- [http-nio-9090-exec-8] com.smartlogic.cloud.TokenFetcher        : getAccessToken: 'https://demo.data.progress.cloud/token'
2025-02-28T12:39:19.843-06:00  INFO 288376 --- [http-nio-9090-exec-8] c.s.ontologyeditor.OEClientReadWrite     : getConceptSchemeByNameResponse entry: Concept Review - Newly Added
2025-02-28T12:39:19.844-06:00  INFO 288376 --- [http-nio-9090-exec-8] c.s.ontologyeditor.OEClientReadWrite     : getConceptSchemeByNameResponse url: https://demo.data.progress.cloud/studio/livestudio/kmm/api/task:ProgressChatBot:KRTTask/skos:ConceptScheme/meta:transitiveInstance
2025-02-28T12:39:19.845-06:00  INFO 288376 --- [http-nio-9090-exec-8] c.s.ontologyeditor.OEClientReadWrite     : getConceptSchemeByNameResponse queryParameters: {language=en, filters=subject(rdfs:label matches "Concept Review - Newly Added"@en), properties=rdfs:label,sem:guid}
2025-02-28T12:39:19.845-06:00  INFO 288376 --- [http-nio-9090-exec-8] c.s.ontologyeditor.OEClientReadWrite     : getConceptSchemeByNameResponse making call  : 1740767959845
2025-02-28T12:39:20.790-06:00  INFO 288376 --- [http-nio-9090-exec-8] c.s.ontologyeditor.OEClientReadWrite     : Call completed successfully
2025-02-28T12:39:20.792-06:00  INFO 288376 --- [http-nio-9090-exec-8] c.s.ontologyeditor.beans.ConceptScheme   : ConceptScheme - exit: http://example.com/ProgressChatBot#ConceptScheme/ConceptReview-NewlyAdded0
2025-02-28T12:39:20.793-06:00  INFO 288376 --- [http-nio-9090-exec-8] c.s.ontologyeditor.OEClientReadWrite     : createConcept entry: http://example.com/ProgressChatBot#ConceptScheme/ConceptReview-NewlyAdded0 http://example.com/APITest#Concept1Propane
2025-02-28T12:39:20.794-06:00  INFO 288376 --- [http-nio-9090-exec-8] c.s.ontologyeditor.OEClientReadWrite     : createConcept making call  : 1740767960794
2025-02-28T12:39:22.138-06:00  INFO 288376 --- [http-nio-9090-exec-8] c.s.ontologyeditor.OEClientReadWrite     : Call completed successfully
2025-02-28T12:39:22.139-06:00  INFO 288376 --- [http-nio-9090-exec-8] c.s.ontologyeditor.OEClientReadWrite     : createConcept entry: http://example.com/ProgressChatBot#ConceptScheme/ConceptReview-NewlyAdded0 http://example.com/APITest#Concept1boats
2025-02-28T12:39:22.141-06:00  INFO 288376 --- [http-nio-9090-exec-8] c.s.ontologyeditor.OEClientReadWrite     : createConcept making call  : 1740767962141
2025-02-28T12:39:23.432-06:00  INFO 288376 --- [http-nio-9090-exec-8] c.s.ontologyeditor.OEClientReadWrite     : Call completed successfully
2025-02-28T12:39:23.433-06:00  INFO 288376 --- [http-nio-9090-exec-8] c.s.ontologyeditor.OEClientReadWrite     : createConcept entry: http://example.com/ProgressChatBot#ConceptScheme/ConceptReview-NewlyAdded0 http://example.com/APITest#Concept1fuel
2025-02-28T12:39:23.435-06:00  INFO 288376 --- [http-nio-9090-exec-8] c.s.ontologyeditor.OEClientReadWrite     : createConcept making call  : 1740767963435
2025-02-28T12:39:24.745-06:00  INFO 288376 --- [http-nio-9090-exec-8] c.s.ontologyeditor.OEClientReadWrite     : Call completed successfully
2025-02-28T12:40:54.180-06:00  INFO 288376 --- [http-nio-9090-exec-10] com.smartlogic.cloud.TokenFetcher        : getAccessToken: 'https://demo.data.progress.cloud/token'
2025-02-28T12:40:54.508-06:00  INFO 288376 --- [http-nio-9090-exec-10] c.s.ontologyeditor.OEClientReadWrite     : getConceptSchemeByNameResponse entry: Concept Review - Newly Added
2025-02-28T12:40:54.509-06:00  INFO 288376 --- [http-nio-9090-exec-10] c.s.ontologyeditor.OEClientReadWrite     : getConceptSchemeByNameResponse url: https://demo.data.progress.cloud/studio/livestudio/kmm/api/task:ProgressChatBot:KRTTask/skos:ConceptScheme/meta:transitiveInstance
2025-02-28T12:40:54.509-06:00  INFO 288376 --- [http-nio-9090-exec-10] c.s.ontologyeditor.OEClientReadWrite     : getConceptSchemeByNameResponse queryParameters: {language=en, filters=subject(rdfs:label matches "Concept Review - Newly Added"@en), properties=rdfs:label,sem:guid}
2025-02-28T12:40:54.510-06:00  INFO 288376 --- [http-nio-9090-exec-10] c.s.ontologyeditor.OEClientReadWrite     : getConceptSchemeByNameResponse making call  : 1740768054510
2025-02-28T12:40:55.452-06:00  INFO 288376 --- [http-nio-9090-exec-10] c.s.ontologyeditor.OEClientReadWrite     : Call completed successfully
2025-02-28T12:40:55.456-06:00  INFO 288376 --- [http-nio-9090-exec-10] c.s.ontologyeditor.beans.ConceptScheme   : ConceptScheme - exit: http://example.com/ProgressChatBot#ConceptScheme/ConceptReview-NewlyAdded0
2025-02-28T12:40:55.457-06:00  INFO 288376 --- [http-nio-9090-exec-10] c.s.ontologyeditor.OEClientReadWrite     : createConcept entry: http://example.com/ProgressChatBot#ConceptScheme/ConceptReview-NewlyAdded0 http://example.com/APITest#Concept1Propane
2025-02-28T12:40:55.458-06:00  INFO 288376 --- [http-nio-9090-exec-10] c.s.ontologyeditor.OEClientReadWrite     : createConcept making call  : 1740768055458
2025-02-28T12:40:56.266-06:00  WARN 288376 --- [http-nio-9090-exec-10] c.s.ontologyeditor.OEClientReadWrite     : Call returned error 409: {
  "errors": [
    {
      "type": "validation.alreadyExists",
      "params": {
        "itemGraphUri": "evntask:ProgressChatBot:KRTTask",
        "itemType": "identifier",
        "itemValue": "http://example.com/APITest#Concept1Propane"
      },
      "developerInfo": []
    },
    {
      "type": "validation.alreadyExists",
      "params": {
        "itemGraphUri": "task:ProgressChatBot:KRTTask",
        "itemType": "identifier",
        "itemValue": "http://example.com/APITest#Concept1Propane"
      },
      "developerInfo": []
    }
  ]
}
2025-02-28T12:40:56.267-06:00  INFO 288376 --- [http-nio-9090-exec-10] o.p.s.services.ConceptReviewService      : Failed to add concept Propane
2025-02-28T12:40:56.269-06:00  INFO 288376 --- [http-nio-9090-exec-10] c.s.ontologyeditor.OEClientReadWrite     : createConcept entry: http://example.com/ProgressChatBot#ConceptScheme/ConceptReview-NewlyAdded0 http://example.com/APITest#Concept1boats
2025-02-28T12:40:56.270-06:00  INFO 288376 --- [http-nio-9090-exec-10] c.s.ontologyeditor.OEClientReadWrite     : createConcept making call  : 1740768056270
2025-02-28T12:40:57.609-06:00  INFO 288376 --- [http-nio-9090-exec-10] c.s.ontologyeditor.OEClientReadWrite     : Call completed successfully
2025-02-28T12:40:57.610-06:00  INFO 288376 --- [http-nio-9090-exec-10] c.s.ontologyeditor.OEClientReadWrite     : createConcept entry: http://example.com/ProgressChatBot#ConceptScheme/ConceptReview-NewlyAdded0 http://example.com/APITest#Concept1fuel
2025-02-28T12:40:57.610-06:00  INFO 288376 --- [http-nio-9090-exec-10] c.s.ontologyeditor.OEClientReadWrite     : createConcept making call  : 1740768057610
2025-02-28T12:40:58.424-06:00  WARN 288376 --- [http-nio-9090-exec-10] c.s.ontologyeditor.OEClientReadWrite     : Call returned error 409: {
  "errors": [
    {
      "type": "validation.alreadyExists",
      "params": {
        "itemGraphUri": "evntask:ProgressChatBot:KRTTask",
        "itemType": "identifier",
        "itemValue": "http://example.com/APITest#Concept1fuel"
      },
      "developerInfo": []
    },
    {
      "type": "validation.alreadyExists",
      "params": {
        "itemGraphUri": "task:ProgressChatBot:KRTTask",
        "itemType": "identifier",
        "itemValue": "http://example.com/APITest#Concept1fuel"
      },
      "developerInfo": []
    }
  ]
}
2025-02-28T12:40:58.426-06:00  INFO 288376 --- [http-nio-9090-exec-10] o.p.s.services.ConceptReviewService      : Failed to add concept fuel
2025-02-28T12:41:56.983-06:00  INFO 288376 --- [http-nio-9090-exec-5] com.smartlogic.cloud.TokenFetcher        : getAccessToken: 'https://demo.data.progress.cloud/token'
2025-02-28T12:41:57.319-06:00  INFO 288376 --- [http-nio-9090-exec-5] c.s.ontologyeditor.OEClientReadWrite     : getConceptSchemeByNameResponse entry: Concept Review - Newly Added
2025-02-28T12:41:57.320-06:00  INFO 288376 --- [http-nio-9090-exec-5] c.s.ontologyeditor.OEClientReadWrite     : getConceptSchemeByNameResponse url: https://demo.data.progress.cloud/studio/livestudio/kmm/api/task:ProgressChatBot:KRTTask/skos:ConceptScheme/meta:transitiveInstance
2025-02-28T12:41:57.321-06:00  INFO 288376 --- [http-nio-9090-exec-5] c.s.ontologyeditor.OEClientReadWrite     : getConceptSchemeByNameResponse queryParameters: {language=en, filters=subject(rdfs:label matches "Concept Review - Newly Added"@en), properties=rdfs:label,sem:guid}
2025-02-28T12:41:57.321-06:00  INFO 288376 --- [http-nio-9090-exec-5] c.s.ontologyeditor.OEClientReadWrite     : getConceptSchemeByNameResponse making call  : 1740768117321
2025-02-28T12:41:58.237-06:00  INFO 288376 --- [http-nio-9090-exec-5] c.s.ontologyeditor.OEClientReadWrite     : Call completed successfully
2025-02-28T12:41:58.239-06:00  INFO 288376 --- [http-nio-9090-exec-5] c.s.ontologyeditor.beans.ConceptScheme   : ConceptScheme - exit: http://example.com/ProgressChatBot#ConceptScheme/ConceptReview-NewlyAdded0
2025-02-28T12:41:58.240-06:00  INFO 288376 --- [http-nio-9090-exec-5] c.s.ontologyeditor.OEClientReadWrite     : createConcept entry: http://example.com/ProgressChatBot#ConceptScheme/ConceptReview-NewlyAdded0 http://example.com/APITest#Concept1abbvie
2025-02-28T12:41:58.245-06:00  INFO 288376 --- [http-nio-9090-exec-5] c.s.ontologyeditor.OEClientReadWrite     : createConcept making call  : 1740768118245
2025-02-28T12:41:59.587-06:00  INFO 288376 --- [http-nio-9090-exec-5] c.s.ontologyeditor.OEClientReadWrite     : Call completed successfully
